CRITICAL - 2023-06-11 07:53:07 --> The framework needs the following extension(s) installed and loaded: intl.
in SYSTEMPATH\CodeIgniter.php on line 226.
 1 SYSTEMPATH\CodeIgniter.php(226): CodeIgniter\Exceptions\FrameworkException::forMissingExtension('intl')
 2 SYSTEMPATH\CodeIgniter.php(190): CodeIgniter\CodeIgniter->resolvePlatformExtensions()
 3 FCPATH\index.php(55): CodeIgniter\CodeIgniter->initialize()
CRITICAL - 2023-06-11 08:28:05 --> The framework needs the following extension(s) installed and loaded: intl.
in SYSTEMPATH\CodeIgniter.php on line 226.
 1 SYSTEMPATH\CodeIgniter.php(226): CodeIgniter\Exceptions\FrameworkException::forMissingExtension('intl')
 2 SYSTEMPATH\CodeIgniter.php(190): CodeIgniter\CodeIgniter->resolvePlatformExtensions()
 3 FCPATH\index.php(55): CodeIgniter\CodeIgniter->initialize()
CRITICAL - 2023-06-11 07:24:01 --> Invalid file: "e_library/index.html"
in SYSTEMPATH\Exceptions\FrameworkException.php on line 33.
 1 SYSTEMPATH\View\View.php(201): CodeIgniter\Exceptions\FrameworkException::forInvalidFile('e_library/index.html')
 2 SYSTEMPATH\Common.php(1184): CodeIgniter\View\View->render('e_library/index.html', [], true)
 3 APPPATH\Config\Routes.php(37): view('e_library/index.html')
 4 SYSTEMPATH\CodeIgniter.php(883): CodeIgniter\Router\RouteCollection->Config\{closure}()
 5 SYSTEMPATH\CodeIgniter.php(486): CodeIgniter\CodeIgniter->startController()
 6 SYSTEMPATH\CodeIgniter.php(368): CodeIgniter\CodeIgniter->handleRequest(null, Object(Config\Cache), false)
 7 FCPATH\index.php(67): CodeIgniter\CodeIgniter->run()
 8 SYSTEMPATH\Commands\Server\rewrite.php(47): require_once('C:\\xampp2\\htdocs\\e_library\\public\\index.php')
CRITICAL - 2023-06-11 07:24:37 --> Invalid file: "e_library.php"
in SYSTEMPATH\Exceptions\FrameworkException.php on line 33.
 1 SYSTEMPATH\View\View.php(201): CodeIgniter\Exceptions\FrameworkException::forInvalidFile('e_library.php')
 2 SYSTEMPATH\Common.php(1184): CodeIgniter\View\View->render('e_library', [], true)
 3 APPPATH\Config\Routes.php(37): view('e_library')
 4 SYSTEMPATH\CodeIgniter.php(883): CodeIgniter\Router\RouteCollection->Config\{closure}()
 5 SYSTEMPATH\CodeIgniter.php(486): CodeIgniter\CodeIgniter->startController()
 6 SYSTEMPATH\CodeIgniter.php(368): CodeIgniter\CodeIgniter->handleRequest(null, Object(Config\Cache), false)
 7 FCPATH\index.php(67): CodeIgniter\CodeIgniter->run()
 8 SYSTEMPATH\Commands\Server\rewrite.php(47): require_once('C:\\xampp2\\htdocs\\e_library\\public\\index.php')
CRITICAL - 2023-06-11 07:24:49 --> Invalid file: "e_library/index.php"
in SYSTEMPATH\Exceptions\FrameworkException.php on line 33.
 1 SYSTEMPATH\View\View.php(201): CodeIgniter\Exceptions\FrameworkException::forInvalidFile('e_library/index.php')
 2 SYSTEMPATH\Common.php(1184): CodeIgniter\View\View->render('e_library/index', [], true)
 3 APPPATH\Config\Routes.php(37): view('e_library/index')
 4 SYSTEMPATH\CodeIgniter.php(883): CodeIgniter\Router\RouteCollection->Config\{closure}()
 5 SYSTEMPATH\CodeIgniter.php(486): CodeIgniter\CodeIgniter->startController()
 6 SYSTEMPATH\CodeIgniter.php(368): CodeIgniter\CodeIgniter->handleRequest(null, Object(Config\Cache), false)
 7 FCPATH\index.php(67): CodeIgniter\CodeIgniter->run()
 8 SYSTEMPATH\Commands\Server\rewrite.php(47): require_once('C:\\xampp2\\htdocs\\e_library\\public\\index.php')
CRITICAL - 2023-06-11 07:52:51 --> Undefined array key 1
in APPPATH\Views\view_students\index.php on line 62.
 1 APPPATH\Views\view_students\index.php(62): CodeIgniter\Debug\Exceptions->errorHandler(2, 'Undefined array key 1', 'C:\\xampp2\\htdocs\\e_library\\app\\Views\\view_students\\index.php', 62)
 2 SYSTEMPATH\View\View.php(213): include('C:\\xampp2\\htdocs\\e_library\\app\\Views\\view_students\\index.php')
 3 SYSTEMPATH\View\View.php(216): CodeIgniter\View\View->CodeIgniter\View\{closure}()
 4 SYSTEMPATH\Common.php(1184): CodeIgniter\View\View->render('view_students/index', [], true)
 5 APPPATH\Controllers\Students.php(9): view('view_students/index')
 6 SYSTEMPATH\CodeIgniter.php(934): App\Controllers\Students->index()
 7 SYSTEMPATH\CodeIgniter.php(499): CodeIgniter\CodeIgniter->runController(Object(App\Controllers\Students))
 8 SYSTEMPATH\CodeIgniter.php(368): CodeIgniter\CodeIgniter->handleRequest(null, Object(Config\Cache), false)
 9 FCPATH\index.php(67): CodeIgniter\CodeIgniter->run()
10 SYSTEMPATH\Commands\Server\rewrite.php(47): require_once('C:\\xampp2\\htdocs\\e_library\\public\\index.php')
CRITICAL - 2023-06-11 07:53:14 --> Undefined array key 1
in APPPATH\Views\view_students\index.php on line 62.
 1 APPPATH\Views\view_students\index.php(62): CodeIgniter\Debug\Exceptions->errorHandler(2, 'Undefined array key 1', 'C:\\xampp2\\htdocs\\e_library\\app\\Views\\view_students\\index.php', 62)
 2 SYSTEMPATH\View\View.php(213): include('C:\\xampp2\\htdocs\\e_library\\app\\Views\\view_students\\index.php')
 3 SYSTEMPATH\View\View.php(216): CodeIgniter\View\View->CodeIgniter\View\{closure}()
 4 SYSTEMPATH\Common.php(1184): CodeIgniter\View\View->render('view_students/index', [], true)
 5 APPPATH\Controllers\Students.php(9): view('view_students/index')
 6 SYSTEMPATH\CodeIgniter.php(934): App\Controllers\Students->index()
 7 SYSTEMPATH\CodeIgniter.php(499): CodeIgniter\CodeIgniter->runController(Object(App\Controllers\Students))
 8 SYSTEMPATH\CodeIgniter.php(368): CodeIgniter\CodeIgniter->handleRequest(null, Object(Config\Cache), false)
 9 FCPATH\index.php(67): CodeIgniter\CodeIgniter->run()
10 SYSTEMPATH\Commands\Server\rewrite.php(47): require_once('C:\\xampp2\\htdocs\\e_library\\public\\index.php')
CRITICAL - 2023-06-11 08:54:54 --> Undefined variable $buku
in APPPATH\Views\view_students\index.php on line 18.
 1 APPPATH\Views\view_students\index.php(18): CodeIgniter\Debug\Exceptions->errorHandler(2, 'Undefined variable $buku', 'C:\\xampp2\\htdocs\\e_library\\app\\Views\\view_students\\index.php', 18)
 2 SYSTEMPATH\View\View.php(213): include('C:\\xampp2\\htdocs\\e_library\\app\\Views\\view_students\\index.php')
 3 SYSTEMPATH\View\View.php(216): CodeIgniter\View\View->CodeIgniter\View\{closure}()
 4 SYSTEMPATH\Common.php(1184): CodeIgniter\View\View->render('view_students/index', [], true)
 5 APPPATH\Controllers\Students.php(9): view('view_students/index')
 6 SYSTEMPATH\CodeIgniter.php(934): App\Controllers\Students->index()
 7 SYSTEMPATH\CodeIgniter.php(499): CodeIgniter\CodeIgniter->runController(Object(App\Controllers\Students))
 8 SYSTEMPATH\CodeIgniter.php(368): CodeIgniter\CodeIgniter->handleRequest(null, Object(Config\Cache), false)
 9 FCPATH\index.php(67): CodeIgniter\CodeIgniter->run()
10 SYSTEMPATH\Commands\Server\rewrite.php(47): require_once('C:\\xampp2\\htdocs\\e_library\\public\\index.php')
CRITICAL - 2023-06-11 09:08:51 --> Too few arguments to function App\Controllers\Students::pinjam(), 1 passed in C:\xampp2\htdocs\e_library\system\CodeIgniter.php on line 934 and exactly 2 expected
in APPPATH\Controllers\Students.php on line 12.
 1 SYSTEMPATH\CodeIgniter.php(934): App\Controllers\Students->pinjam('Buku-A')
 2 SYSTEMPATH\CodeIgniter.php(499): CodeIgniter\CodeIgniter->runController(Object(App\Controllers\Students))
 3 SYSTEMPATH\CodeIgniter.php(368): CodeIgniter\CodeIgniter->handleRequest(null, Object(Config\Cache), false)
 4 FCPATH\index.php(67): CodeIgniter\CodeIgniter->run()
 5 SYSTEMPATH\Commands\Server\rewrite.php(47): require_once('C:\\xampp2\\htdocs\\e_library\\public\\index.php')
CRITICAL - 2023-06-11 09:09:38 --> Too few arguments to function App\Controllers\Students::pinjam(), 1 passed in C:\xampp2\htdocs\e_library\system\CodeIgniter.php on line 934 and exactly 2 expected
in APPPATH\Controllers\Students.php on line 12.
 1 SYSTEMPATH\CodeIgniter.php(934): App\Controllers\Students->pinjam('Buku-A')
 2 SYSTEMPATH\CodeIgniter.php(499): CodeIgniter\CodeIgniter->runController(Object(App\Controllers\Students))
 3 SYSTEMPATH\CodeIgniter.php(368): CodeIgniter\CodeIgniter->handleRequest(null, Object(Config\Cache), false)
 4 FCPATH\index.php(67): CodeIgniter\CodeIgniter->run()
 5 SYSTEMPATH\Commands\Server\rewrite.php(47): require_once('C:\\xampp2\\htdocs\\e_library\\public\\index.php')
CRITICAL - 2023-06-11 09:09:42 --> Too few arguments to function App\Controllers\Students::pinjam(), 1 passed in C:\xampp2\htdocs\e_library\system\CodeIgniter.php on line 934 and exactly 2 expected
in APPPATH\Controllers\Students.php on line 12.
 1 SYSTEMPATH\CodeIgniter.php(934): App\Controllers\Students->pinjam('Buku-A')
 2 SYSTEMPATH\CodeIgniter.php(499): CodeIgniter\CodeIgniter->runController(Object(App\Controllers\Students))
 3 SYSTEMPATH\CodeIgniter.php(368): CodeIgniter\CodeIgniter->handleRequest(null, Object(Config\Cache), false)
 4 FCPATH\index.php(67): CodeIgniter\CodeIgniter->run()
 5 SYSTEMPATH\Commands\Server\rewrite.php(47): require_once('C:\\xampp2\\htdocs\\e_library\\public\\index.php')
CRITICAL - 2023-06-11 09:37:28 --> Undefined property: CodeIgniter\View\View::$request
in APPPATH\Views\view_students\pinjam.php on line 22.
 1 APPPATH\Views\view_students\pinjam.php(22): CodeIgniter\Debug\Exceptions->errorHandler(2, 'Undefined property: CodeIgniter\\View\\View::$request', 'C:\\xampp2\\htdocs\\e_library\\app\\Views\\view_students\\pinjam.php', 22)
 2 SYSTEMPATH\View\View.php(213): include('C:\\xampp2\\htdocs\\e_library\\app\\Views\\view_students\\pinjam.php')
 3 SYSTEMPATH\View\View.php(216): CodeIgniter\View\View->CodeIgniter\View\{closure}()
 4 SYSTEMPATH\Common.php(1184): CodeIgniter\View\View->render('view_students/pinjam', [], true)
 5 APPPATH\Controllers\Students.php(18): view('view_students/pinjam', [...])
 6 SYSTEMPATH\CodeIgniter.php(934): App\Controllers\Students->pinjam()
 7 SYSTEMPATH\CodeIgniter.php(499): CodeIgniter\CodeIgniter->runController(Object(App\Controllers\Students))
 8 SYSTEMPATH\CodeIgniter.php(368): CodeIgniter\CodeIgniter->handleRequest(null, Object(Config\Cache), false)
 9 FCPATH\index.php(67): CodeIgniter\CodeIgniter->run()
10 SYSTEMPATH\Commands\Server\rewrite.php(47): require_once('C:\\xampp2\\htdocs\\e_library\\public\\index.php')
CRITICAL - 2023-06-11 09:37:34 --> Undefined property: CodeIgniter\View\View::$request
in APPPATH\Views\view_students\pinjam.php on line 22.
 1 APPPATH\Views\view_students\pinjam.php(22): CodeIgniter\Debug\Exceptions->errorHandler(2, 'Undefined property: CodeIgniter\\View\\View::$request', 'C:\\xampp2\\htdocs\\e_library\\app\\Views\\view_students\\pinjam.php', 22)
 2 SYSTEMPATH\View\View.php(213): include('C:\\xampp2\\htdocs\\e_library\\app\\Views\\view_students\\pinjam.php')
 3 SYSTEMPATH\View\View.php(216): CodeIgniter\View\View->CodeIgniter\View\{closure}()
 4 SYSTEMPATH\Common.php(1184): CodeIgniter\View\View->render('view_students/pinjam', [], true)
 5 APPPATH\Controllers\Students.php(18): view('view_students/pinjam', [...])
 6 SYSTEMPATH\CodeIgniter.php(934): App\Controllers\Students->pinjam()
 7 SYSTEMPATH\CodeIgniter.php(499): CodeIgniter\CodeIgniter->runController(Object(App\Controllers\Students))
 8 SYSTEMPATH\CodeIgniter.php(368): CodeIgniter\CodeIgniter->handleRequest(null, Object(Config\Cache), false)
 9 FCPATH\index.php(67): CodeIgniter\CodeIgniter->run()
10 SYSTEMPATH\Commands\Server\rewrite.php(47): require_once('C:\\xampp2\\htdocs\\e_library\\public\\index.php')
CRITICAL - 2023-06-11 13:35:44 --> Undefined property: App\Controllers\Auth::$session
in APPPATH\Controllers\Auth.php on line 12.
 1 APPPATH\Controllers\Auth.php(12): CodeIgniter\Debug\Exceptions->errorHandler(2, 'Undefined property: App\\Controllers\\Auth::$session', 'C:\\xampp2\\htdocs\\e_library\\app\\Controllers\\Auth.php', 12)
 2 SYSTEMPATH\CodeIgniter.php(934): App\Controllers\Auth->login()
 3 SYSTEMPATH\CodeIgniter.php(499): CodeIgniter\CodeIgniter->runController(Object(App\Controllers\Auth))
 4 SYSTEMPATH\CodeIgniter.php(368): CodeIgniter\CodeIgniter->handleRequest(null, Object(Config\Cache), false)
 5 FCPATH\index.php(67): CodeIgniter\CodeIgniter->run()
 6 SYSTEMPATH\Commands\Server\rewrite.php(47): require_once('C:\\xampp2\\htdocs\\e_library\\public\\index.php')
CRITICAL - 2023-06-11 13:37:29 --> Undefined property: App\Controllers\Auth::$session
in APPPATH\Controllers\Auth.php on line 12.
 1 APPPATH\Controllers\Auth.php(12): CodeIgniter\Debug\Exceptions->errorHandler(2, 'Undefined property: App\\Controllers\\Auth::$session', 'C:\\xampp2\\htdocs\\e_library\\app\\Controllers\\Auth.php', 12)
 2 SYSTEMPATH\CodeIgniter.php(934): App\Controllers\Auth->login()
 3 SYSTEMPATH\CodeIgniter.php(499): CodeIgniter\CodeIgniter->runController(Object(App\Controllers\Auth))
 4 SYSTEMPATH\CodeIgniter.php(368): CodeIgniter\CodeIgniter->handleRequest(null, Object(Config\Cache), false)
 5 FCPATH\index.php(67): CodeIgniter\CodeIgniter->run()
 6 SYSTEMPATH\Commands\Server\rewrite.php(47): require_once('C:\\xampp2\\htdocs\\e_library\\public\\index.php')
INFO - 2023-06-11 13:38:51 --> Session: Class initialized using 'CodeIgniter\Session\Handlers\FileHandler' driver.
CRITICAL - 2023-06-11 15:27:41 --> Undefined array key 6
in APPPATH\Views\view_students\index.php on line 91.
 1 APPPATH\Views\view_students\index.php(91): CodeIgniter\Debug\Exceptions->errorHandler(2, 'Undefined array key 6', 'C:\\xampp2\\htdocs\\e_library\\app\\Views\\view_students\\index.php', 91)
 2 SYSTEMPATH\View\View.php(213): include('C:\\xampp2\\htdocs\\e_library\\app\\Views\\view_students\\index.php')
 3 SYSTEMPATH\View\View.php(216): CodeIgniter\View\View->CodeIgniter\View\{closure}()
 4 SYSTEMPATH\Common.php(1184): CodeIgniter\View\View->render('view_students/index', [], true)
 5 APPPATH\Controllers\Students.php(9): view('view_students/index')
 6 SYSTEMPATH\CodeIgniter.php(934): App\Controllers\Students->index()
 7 SYSTEMPATH\CodeIgniter.php(499): CodeIgniter\CodeIgniter->runController(Object(App\Controllers\Students))
 8 SYSTEMPATH\CodeIgniter.php(368): CodeIgniter\CodeIgniter->handleRequest(null, Object(Config\Cache), false)
 9 FCPATH\index.php(67): CodeIgniter\CodeIgniter->run()
10 SYSTEMPATH\Commands\Server\rewrite.php(47): require_once('C:\\xampp2\\htdocs\\e_library\\public\\index.php')
CRITICAL - 2023-06-11 15:42:57 --> Undefined variable $filteredBuku
in APPPATH\Views\admin\admin.php on line 54.
 1 APPPATH\Views\admin\admin.php(54): CodeIgniter\Debug\Exceptions->errorHandler(2, 'Undefined variable $filteredBuku', 'C:\\xampp2\\htdocs\\e_library\\app\\Views\\admin\\admin.php', 54)
 2 SYSTEMPATH\View\View.php(213): include('C:\\xampp2\\htdocs\\e_library\\app\\Views\\admin\\admin.php')
 3 SYSTEMPATH\View\View.php(216): CodeIgniter\View\View->CodeIgniter\View\{closure}()
 4 SYSTEMPATH\Common.php(1184): CodeIgniter\View\View->render('admin/admin', [], true)
 5 APPPATH\Controllers\Admin.php(12): view('admin/admin')
 6 SYSTEMPATH\CodeIgniter.php(934): App\Controllers\Admin->index()
 7 SYSTEMPATH\CodeIgniter.php(499): CodeIgniter\CodeIgniter->runController(Object(App\Controllers\Admin))
 8 SYSTEMPATH\CodeIgniter.php(368): CodeIgniter\CodeIgniter->handleRequest(null, Object(Config\Cache), false)
 9 FCPATH\index.php(67): CodeIgniter\CodeIgniter->run()
10 SYSTEMPATH\Commands\Server\rewrite.php(47): require_once('C:\\xampp2\\htdocs\\e_library\\public\\index.php')
