INFO - 2023-06-23 06:45:11 --> Session: Class initialized using 'CodeIgniter\Session\Handlers\FileHandler' driver.
INFO - 2023-06-23 06:45:13 --> Session: Class initialized using 'CodeIgniter\Session\Handlers\FileHandler' driver.
INFO - 2023-06-23 06:45:21 --> Session: Class initialized using 'CodeIgniter\Session\Handlers\FileHandler' driver.
INFO - 2023-06-23 06:45:23 --> Session: Class initialized using 'CodeIgniter\Session\Handlers\FileHandler' driver.
INFO - 2023-06-23 06:45:30 --> Session: Class initialized using 'CodeIgniter\Session\Handlers\FileHandler' driver.
INFO - 2023-06-23 06:45:31 --> Session: Class initialized using 'CodeIgniter\Session\Handlers\FileHandler' driver.
INFO - 2023-06-23 06:53:57 --> Session: Class initialized using 'CodeIgniter\Session\Handlers\FileHandler' driver.
INFO - 2023-06-23 06:56:36 --> Session: Class initialized using 'CodeIgniter\Session\Handlers\FileHandler' driver.
INFO - 2023-06-23 06:56:39 --> Session: Class initialized using 'CodeIgniter\Session\Handlers\FileHandler' driver.
INFO - 2023-06-23 06:56:39 --> Session: Class initialized using 'CodeIgniter\Session\Handlers\FileHandler' driver.
INFO - 2023-06-23 06:56:43 --> Session: Class initialized using 'CodeIgniter\Session\Handlers\FileHandler' driver.
CRITICAL - 2023-06-23 06:56:44 --> The route for "Admin::index" cannot be found.
in SYSTEMPATH\HTTP\RedirectResponse.php on line 60.
 1 SYSTEMPATH\HTTP\RedirectResponse.php(60): CodeIgniter\HTTP\Exceptions\HTTPException::forInvalidRedirectRoute('Admin::index')
 2 APPPATH\Controllers\Login.php(75): CodeIgniter\HTTP\RedirectResponse->route(false)
 3 SYSTEMPATH\CodeIgniter.php(934): App\Controllers\Login->processLogin()
 4 SYSTEMPATH\CodeIgniter.php(499): CodeIgniter\CodeIgniter->runController(Object(App\Controllers\Login))
 5 SYSTEMPATH\CodeIgniter.php(368): CodeIgniter\CodeIgniter->handleRequest(null, Object(Config\Cache), false)
 6 FCPATH\index.php(67): CodeIgniter\CodeIgniter->run()
 7 SYSTEMPATH\Commands\Server\rewrite.php(47): require_once('C:\\xampp2\\htdocs\\e_library\\public\\index.php')
INFO - 2023-06-23 06:57:23 --> Session: Class initialized using 'CodeIgniter\Session\Handlers\FileHandler' driver.
CRITICAL - 2023-06-23 06:57:23 --> The route for "Admin::index" cannot be found.
in SYSTEMPATH\HTTP\RedirectResponse.php on line 60.
 1 SYSTEMPATH\HTTP\RedirectResponse.php(60): CodeIgniter\HTTP\Exceptions\HTTPException::forInvalidRedirectRoute('Admin::index')
 2 APPPATH\Controllers\Login.php(75): CodeIgniter\HTTP\RedirectResponse->route(false)
 3 SYSTEMPATH\CodeIgniter.php(934): App\Controllers\Login->processLogin()
 4 SYSTEMPATH\CodeIgniter.php(499): CodeIgniter\CodeIgniter->runController(Object(App\Controllers\Login))
 5 SYSTEMPATH\CodeIgniter.php(368): CodeIgniter\CodeIgniter->handleRequest(null, Object(Config\Cache), false)
 6 FCPATH\index.php(67): CodeIgniter\CodeIgniter->run()
 7 SYSTEMPATH\Commands\Server\rewrite.php(47): require_once('C:\\xampp2\\htdocs\\e_library\\public\\index.php')
INFO - 2023-06-23 06:57:49 --> Session: Class initialized using 'CodeIgniter\Session\Handlers\FileHandler' driver.
INFO - 2023-06-23 06:57:50 --> Session: Class initialized using 'CodeIgniter\Session\Handlers\FileHandler' driver.
INFO - 2023-06-23 07:02:52 --> Session: Class initialized using 'CodeIgniter\Session\Handlers\FileHandler' driver.
CRITICAL - 2023-06-23 07:02:52 --> Call to undefined method App\Models\MMember::countMurid
in SYSTEMPATH\Model.php on line 842.
 1 APPPATH\Controllers\CAdmin.php(49): CodeIgniter\Model->__call('countMurid', [])
 2 SYSTEMPATH\CodeIgniter.php(934): App\Controllers\CAdmin->index()
 3 SYSTEMPATH\CodeIgniter.php(499): CodeIgniter\CodeIgniter->runController(Object(App\Controllers\CAdmin))
 4 SYSTEMPATH\CodeIgniter.php(368): CodeIgniter\CodeIgniter->handleRequest(null, Object(Config\Cache), false)
 5 FCPATH\index.php(67): CodeIgniter\CodeIgniter->run()
 6 SYSTEMPATH\Commands\Server\rewrite.php(47): require_once('C:\\xampp2\\htdocs\\e_library\\public\\index.php')
INFO - 2023-06-23 07:04:16 --> Session: Class initialized using 'CodeIgniter\Session\Handlers\FileHandler' driver.
INFO - 2023-06-23 07:04:30 --> Session: Class initialized using 'CodeIgniter\Session\Handlers\FileHandler' driver.
INFO - 2023-06-23 07:04:41 --> Session: Class initialized using 'CodeIgniter\Session\Handlers\FileHandler' driver.
INFO - 2023-06-23 07:13:56 --> Session: Class initialized using 'CodeIgniter\Session\Handlers\FileHandler' driver.
INFO - 2023-06-23 07:13:57 --> Session: Class initialized using 'CodeIgniter\Session\Handlers\FileHandler' driver.
INFO - 2023-06-23 07:13:58 --> Session: Class initialized using 'CodeIgniter\Session\Handlers\FileHandler' driver.
INFO - 2023-06-23 07:14:28 --> Session: Class initialized using 'CodeIgniter\Session\Handlers\FileHandler' driver.
INFO - 2023-06-23 07:14:57 --> Session: Class initialized using 'CodeIgniter\Session\Handlers\FileHandler' driver.
INFO - 2023-06-23 07:14:57 --> Session: Class initialized using 'CodeIgniter\Session\Handlers\FileHandler' driver.
INFO - 2023-06-23 07:16:43 --> Session: Class initialized using 'CodeIgniter\Session\Handlers\FileHandler' driver.
INFO - 2023-06-23 07:16:43 --> Session: Class initialized using 'CodeIgniter\Session\Handlers\FileHandler' driver.
INFO - 2023-06-23 07:17:14 --> Session: Class initialized using 'CodeIgniter\Session\Handlers\FileHandler' driver.
INFO - 2023-06-23 07:18:37 --> Session: Class initialized using 'CodeIgniter\Session\Handlers\FileHandler' driver.
INFO - 2023-06-23 07:19:48 --> Session: Class initialized using 'CodeIgniter\Session\Handlers\FileHandler' driver.
INFO - 2023-06-23 07:20:16 --> Session: Class initialized using 'CodeIgniter\Session\Handlers\FileHandler' driver.
INFO - 2023-06-23 07:20:47 --> Session: Class initialized using 'CodeIgniter\Session\Handlers\FileHandler' driver.
INFO - 2023-06-23 07:21:00 --> Session: Class initialized using 'CodeIgniter\Session\Handlers\FileHandler' driver.
INFO - 2023-06-23 07:21:21 --> Session: Class initialized using 'CodeIgniter\Session\Handlers\FileHandler' driver.
INFO - 2023-06-23 07:21:25 --> Session: Class initialized using 'CodeIgniter\Session\Handlers\FileHandler' driver.
INFO - 2023-06-23 07:22:23 --> Session: Class initialized using 'CodeIgniter\Session\Handlers\FileHandler' driver.
INFO - 2023-06-23 08:06:27 --> Session: Class initialized using 'CodeIgniter\Session\Handlers\FileHandler' driver.
INFO - 2023-06-23 08:09:25 --> Session: Class initialized using 'CodeIgniter\Session\Handlers\FileHandler' driver.
INFO - 2023-06-23 08:09:29 --> Session: Class initialized using 'CodeIgniter\Session\Handlers\FileHandler' driver.
INFO - 2023-06-23 08:09:29 --> Session: Class initialized using 'CodeIgniter\Session\Handlers\FileHandler' driver.
INFO - 2023-06-23 08:09:49 --> Session: Class initialized using 'CodeIgniter\Session\Handlers\FileHandler' driver.
INFO - 2023-06-23 08:09:53 --> Session: Class initialized using 'CodeIgniter\Session\Handlers\FileHandler' driver.
INFO - 2023-06-23 08:13:59 --> Session: Class initialized using 'CodeIgniter\Session\Handlers\FileHandler' driver.
INFO - 2023-06-23 08:14:11 --> Session: Class initialized using 'CodeIgniter\Session\Handlers\FileHandler' driver.
INFO - 2023-06-23 08:14:11 --> Session: Class initialized using 'CodeIgniter\Session\Handlers\FileHandler' driver.
INFO - 2023-06-23 08:15:38 --> Session: Class initialized using 'CodeIgniter\Session\Handlers\FileHandler' driver.
INFO - 2023-06-23 08:15:41 --> Session: Class initialized using 'CodeIgniter\Session\Handlers\FileHandler' driver.
INFO - 2023-06-23 08:15:42 --> Session: Class initialized using 'CodeIgniter\Session\Handlers\FileHandler' driver.
INFO - 2023-06-23 08:16:12 --> Session: Class initialized using 'CodeIgniter\Session\Handlers\FileHandler' driver.
INFO - 2023-06-23 08:16:13 --> Session: Class initialized using 'CodeIgniter\Session\Handlers\FileHandler' driver.
INFO - 2023-06-23 08:16:16 --> Session: Class initialized using 'CodeIgniter\Session\Handlers\FileHandler' driver.
INFO - 2023-06-23 08:16:17 --> Session: Class initialized using 'CodeIgniter\Session\Handlers\FileHandler' driver.
INFO - 2023-06-23 08:25:06 --> Session: Class initialized using 'CodeIgniter\Session\Handlers\FileHandler' driver.
INFO - 2023-06-23 08:52:51 --> Session: Class initialized using 'CodeIgniter\Session\Handlers\FileHandler' driver.
INFO - 2023-06-23 08:58:07 --> Session: Class initialized using 'CodeIgniter\Session\Handlers\FileHandler' driver.
INFO - 2023-06-23 08:58:09 --> Session: Class initialized using 'CodeIgniter\Session\Handlers\FileHandler' driver.
INFO - 2023-06-23 09:01:57 --> Session: Class initialized using 'CodeIgniter\Session\Handlers\FileHandler' driver.
CRITICAL - 2023-06-23 09:01:58 --> Array to string conversion
in APPPATH\Views\admin\view_daftarmurid.php on line 130.
 1 APPPATH\Views\admin\view_daftarmurid.php(130): CodeIgniter\Debug\Exceptions->errorHandler(2, 'Array to string conversion', 'C:\\xampp2\\htdocs\\e_library\\app\\Views\\admin\\view_daftarmurid.php', 130)
 2 SYSTEMPATH\View\View.php(213): include('C:\\xampp2\\htdocs\\e_library\\app\\Views\\admin\\view_daftarmurid.php')
 3 SYSTEMPATH\View\View.php(216): CodeIgniter\View\View->CodeIgniter\View\{closure}()
 4 SYSTEMPATH\Common.php(1184): CodeIgniter\View\View->render('admin/view_daftarmurid', [], true)
 5 APPPATH\Controllers\CMurid.php(40): view('admin/view_daftarmurid', [...])
 6 SYSTEMPATH\CodeIgniter.php(934): App\Controllers\CMurid->index()
 7 SYSTEMPATH\CodeIgniter.php(499): CodeIgniter\CodeIgniter->runController(Object(App\Controllers\CMurid))
 8 SYSTEMPATH\CodeIgniter.php(368): CodeIgniter\CodeIgniter->handleRequest(null, Object(Config\Cache), false)
 9 FCPATH\index.php(67): CodeIgniter\CodeIgniter->run()
10 SYSTEMPATH\Commands\Server\rewrite.php(47): require_once('C:\\xampp2\\htdocs\\e_library\\public\\index.php')
INFO - 2023-06-23 09:02:07 --> Session: Class initialized using 'CodeIgniter\Session\Handlers\FileHandler' driver.
INFO - 2023-06-23 09:03:48 --> Session: Class initialized using 'CodeIgniter\Session\Handlers\FileHandler' driver.
INFO - 2023-06-23 09:04:40 --> Session: Class initialized using 'CodeIgniter\Session\Handlers\FileHandler' driver.
INFO - 2023-06-23 09:04:41 --> Session: Class initialized using 'CodeIgniter\Session\Handlers\FileHandler' driver.
INFO - 2023-06-23 09:07:25 --> Session: Class initialized using 'CodeIgniter\Session\Handlers\FileHandler' driver.
INFO - 2023-06-23 09:07:54 --> Session: Class initialized using 'CodeIgniter\Session\Handlers\FileHandler' driver.
INFO - 2023-06-23 09:07:54 --> Session: Class initialized using 'CodeIgniter\Session\Handlers\FileHandler' driver.
INFO - 2023-06-23 09:08:40 --> Session: Class initialized using 'CodeIgniter\Session\Handlers\FileHandler' driver.
INFO - 2023-06-23 09:08:40 --> Session: Class initialized using 'CodeIgniter\Session\Handlers\FileHandler' driver.
INFO - 2023-06-23 09:08:49 --> Session: Class initialized using 'CodeIgniter\Session\Handlers\FileHandler' driver.
INFO - 2023-06-23 09:08:49 --> Session: Class initialized using 'CodeIgniter\Session\Handlers\FileHandler' driver.
INFO - 2023-06-23 09:08:57 --> Session: Class initialized using 'CodeIgniter\Session\Handlers\FileHandler' driver.
INFO - 2023-06-23 09:08:57 --> Session: Class initialized using 'CodeIgniter\Session\Handlers\FileHandler' driver.
INFO - 2023-06-23 09:09:08 --> Session: Class initialized using 'CodeIgniter\Session\Handlers\FileHandler' driver.
INFO - 2023-06-23 09:10:17 --> Session: Class initialized using 'CodeIgniter\Session\Handlers\FileHandler' driver.
INFO - 2023-06-23 09:10:28 --> Session: Class initialized using 'CodeIgniter\Session\Handlers\FileHandler' driver.
INFO - 2023-06-23 09:10:35 --> Session: Class initialized using 'CodeIgniter\Session\Handlers\FileHandler' driver.
INFO - 2023-06-23 09:11:46 --> Session: Class initialized using 'CodeIgniter\Session\Handlers\FileHandler' driver.
INFO - 2023-06-23 09:12:09 --> Session: Class initialized using 'CodeIgniter\Session\Handlers\FileHandler' driver.
INFO - 2023-06-23 09:13:08 --> Session: Class initialized using 'CodeIgniter\Session\Handlers\FileHandler' driver.
INFO - 2023-06-23 09:13:51 --> Session: Class initialized using 'CodeIgniter\Session\Handlers\FileHandler' driver.
INFO - 2023-06-23 09:13:53 --> Session: Class initialized using 'CodeIgniter\Session\Handlers\FileHandler' driver.
INFO - 2023-06-23 09:15:36 --> Session: Class initialized using 'CodeIgniter\Session\Handlers\FileHandler' driver.
INFO - 2023-06-23 09:15:40 --> Session: Class initialized using 'CodeIgniter\Session\Handlers\FileHandler' driver.
INFO - 2023-06-23 09:25:05 --> Session: Class initialized using 'CodeIgniter\Session\Handlers\FileHandler' driver.
INFO - 2023-06-23 09:25:08 --> Session: Class initialized using 'CodeIgniter\Session\Handlers\FileHandler' driver.
INFO - 2023-06-23 09:25:15 --> Session: Class initialized using 'CodeIgniter\Session\Handlers\FileHandler' driver.
INFO - 2023-06-23 09:25:17 --> Session: Class initialized using 'CodeIgniter\Session\Handlers\FileHandler' driver.
INFO - 2023-06-23 09:42:56 --> Session: Class initialized using 'CodeIgniter\Session\Handlers\FileHandler' driver.
INFO - 2023-06-23 09:43:27 --> Session: Class initialized using 'CodeIgniter\Session\Handlers\FileHandler' driver.
CRITICAL - 2023-06-23 09:43:27 --> Call to a member function findAll() on null
in APPPATH\Controllers\CPeminjamanBuku.php on line 28.
 1 SYSTEMPATH\CodeIgniter.php(934): App\Controllers\CPeminjamanBuku->index()
 2 SYSTEMPATH\CodeIgniter.php(499): CodeIgniter\CodeIgniter->runController(Object(App\Controllers\CPeminjamanBuku))
 3 SYSTEMPATH\CodeIgniter.php(368): CodeIgniter\CodeIgniter->handleRequest(null, Object(Config\Cache), false)
 4 FCPATH\index.php(67): CodeIgniter\CodeIgniter->run()
 5 SYSTEMPATH\Commands\Server\rewrite.php(47): require_once('C:\\xampp2\\htdocs\\e_library\\public\\index.php')
INFO - 2023-06-23 09:45:00 --> Session: Class initialized using 'CodeIgniter\Session\Handlers\FileHandler' driver.
CRITICAL - 2023-06-23 09:45:00 --> Call to a member function findAll() on null
in APPPATH\Controllers\CPeminjamanBuku.php on line 28.
 1 SYSTEMPATH\CodeIgniter.php(934): App\Controllers\CPeminjamanBuku->index()
 2 SYSTEMPATH\CodeIgniter.php(499): CodeIgniter\CodeIgniter->runController(Object(App\Controllers\CPeminjamanBuku))
 3 SYSTEMPATH\CodeIgniter.php(368): CodeIgniter\CodeIgniter->handleRequest(null, Object(Config\Cache), false)
 4 FCPATH\index.php(67): CodeIgniter\CodeIgniter->run()
 5 SYSTEMPATH\Commands\Server\rewrite.php(47): require_once('C:\\xampp2\\htdocs\\e_library\\public\\index.php')
INFO - 2023-06-23 09:46:18 --> Session: Class initialized using 'CodeIgniter\Session\Handlers\FileHandler' driver.
ERROR - 2023-06-23 09:46:18 --> mysqli_sql_exception: Table 'e_library_db.peminjaman' doesn't exist in C:\xampp2\htdocs\e_library\system\Database\MySQLi\Connection.php:295
Stack trace:
#0 C:\xampp2\htdocs\e_library\system\Database\MySQLi\Connection.php(295): mysqli->query('SELECT *\nFROM `...', 0)
#1 C:\xampp2\htdocs\e_library\system\Database\BaseConnection.php(692): CodeIgniter\Database\MySQLi\Connection->execute('SELECT *\nFROM `...')
#2 C:\xampp2\htdocs\e_library\system\Database\BaseConnection.php(606): CodeIgniter\Database\BaseConnection->simpleQuery('SELECT *\nFROM `...')
#3 C:\xampp2\htdocs\e_library\system\Database\BaseBuilder.php(1616): CodeIgniter\Database\BaseConnection->query('SELECT *\nFROM `...', Array, false)
#4 C:\xampp2\htdocs\e_library\system\Model.php(241): CodeIgniter\Database\BaseBuilder->get()
#5 C:\xampp2\htdocs\e_library\system\BaseModel.php(618): CodeIgniter\Model->doFindAll(0, 0)
#6 C:\xampp2\htdocs\e_library\app\Controllers\CPeminjamanBuku.php(34): CodeIgniter\BaseModel->findAll()
#7 C:\xampp2\htdocs\e_library\system\CodeIgniter.php(934): App\Controllers\CPeminjamanBuku->index()
#8 C:\xampp2\htdocs\e_library\system\CodeIgniter.php(499): CodeIgniter\CodeIgniter->runController(Object(App\Controllers\CPeminjamanBuku))
#9 C:\xampp2\htdocs\e_library\system\CodeIgniter.php(368): CodeIgniter\CodeIgniter->handleRequest(NULL, Object(Config\Cache), false)
#10 C:\xampp2\htdocs\e_library\public\index.php(67): CodeIgniter\CodeIgniter->run()
#11 C:\xampp2\htdocs\e_library\system\Commands\Server\rewrite.php(47): require_once('C:\\xampp2\\htdoc...')
#12 {main}
CRITICAL - 2023-06-23 09:46:18 --> Table 'e_library_db.peminjaman' doesn't exist
in SYSTEMPATH\Database\MySQLi\Connection.php on line 295.
 1 SYSTEMPATH\Database\MySQLi\Connection.php(295): mysqli->query('SELECT *
FROM `peminjaman`', 0)
 2 SYSTEMPATH\Database\BaseConnection.php(692): CodeIgniter\Database\MySQLi\Connection->execute('SELECT *
FROM `peminjaman`')
 3 SYSTEMPATH\Database\BaseConnection.php(606): CodeIgniter\Database\BaseConnection->simpleQuery('SELECT *
FROM `peminjaman`')
 4 SYSTEMPATH\Database\BaseBuilder.php(1616): CodeIgniter\Database\BaseConnection->query('SELECT *
FROM `peminjaman`', [], false)
 5 SYSTEMPATH\Model.php(241): CodeIgniter\Database\BaseBuilder->get()
 6 SYSTEMPATH\BaseModel.php(618): CodeIgniter\Model->doFindAll(0, 0)
 7 APPPATH\Controllers\CPeminjamanBuku.php(34): CodeIgniter\BaseModel->findAll()
 8 SYSTEMPATH\CodeIgniter.php(934): App\Controllers\CPeminjamanBuku->index()
 9 SYSTEMPATH\CodeIgniter.php(499): CodeIgniter\CodeIgniter->runController(Object(App\Controllers\CPeminjamanBuku))
10 SYSTEMPATH\CodeIgniter.php(368): CodeIgniter\CodeIgniter->handleRequest(null, Object(Config\Cache), false)
11 FCPATH\index.php(67): CodeIgniter\CodeIgniter->run()
12 SYSTEMPATH\Commands\Server\rewrite.php(47): require_once('C:\\xampp2\\htdocs\\e_library\\public\\index.php')
INFO - 2023-06-23 09:46:51 --> Session: Class initialized using 'CodeIgniter\Session\Handlers\FileHandler' driver.
CRITICAL - 2023-06-23 09:46:52 --> Undefined variable $kategori_buku
in APPPATH\Views\admin\daftar\viewpeminjamanbuku.php on line 184.
 1 APPPATH\Views\admin\daftar\viewpeminjamanbuku.php(184): CodeIgniter\Debug\Exceptions->errorHandler(2, 'Undefined variable $kategori_buku', 'C:\\xampp2\\htdocs\\e_library\\app\\Views\\admin\\daftar\\viewpeminjamanbuku.php', 184)
 2 SYSTEMPATH\View\View.php(213): include('C:\\xampp2\\htdocs\\e_library\\app\\Views\\admin\\daftar\\viewpeminjamanbuku.php')
 3 SYSTEMPATH\View\View.php(216): CodeIgniter\View\View->CodeIgniter\View\{closure}()
 4 SYSTEMPATH\Common.php(1184): CodeIgniter\View\View->render('admin/daftar/viewpeminjamanbuku', [], true)
 5 APPPATH\Controllers\CPeminjamanBuku.php(40): view('admin/daftar/viewpeminjamanbuku', [...])
 6 SYSTEMPATH\CodeIgniter.php(934): App\Controllers\CPeminjamanBuku->index()
 7 SYSTEMPATH\CodeIgniter.php(499): CodeIgniter\CodeIgniter->runController(Object(App\Controllers\CPeminjamanBuku))
 8 SYSTEMPATH\CodeIgniter.php(368): CodeIgniter\CodeIgniter->handleRequest(null, Object(Config\Cache), false)
 9 FCPATH\index.php(67): CodeIgniter\CodeIgniter->run()
10 SYSTEMPATH\Commands\Server\rewrite.php(47): require_once('C:\\xampp2\\htdocs\\e_library\\public\\index.php')
INFO - 2023-06-23 09:53:33 --> Session: Class initialized using 'CodeIgniter\Session\Handlers\FileHandler' driver.
CRITICAL - 2023-06-23 09:53:33 --> Undefined array key "nama_peminjam"
in APPPATH\Views\admin\daftar\viewpeminjamanbuku.php on line 52.
 1 APPPATH\Views\admin\daftar\viewpeminjamanbuku.php(52): CodeIgniter\Debug\Exceptions->errorHandler(2, 'Undefined array key "nama_peminjam"', 'C:\\xampp2\\htdocs\\e_library\\app\\Views\\admin\\daftar\\viewpeminjamanbuku.php', 52)
 2 SYSTEMPATH\View\View.php(213): include('C:\\xampp2\\htdocs\\e_library\\app\\Views\\admin\\daftar\\viewpeminjamanbuku.php')
 3 SYSTEMPATH\View\View.php(216): CodeIgniter\View\View->CodeIgniter\View\{closure}()
 4 SYSTEMPATH\Common.php(1184): CodeIgniter\View\View->render('admin/daftar/viewpeminjamanbuku', [], true)
 5 APPPATH\Controllers\CPeminjamanBuku.php(40): view('admin/daftar/viewpeminjamanbuku', [...])
 6 SYSTEMPATH\CodeIgniter.php(934): App\Controllers\CPeminjamanBuku->index()
 7 SYSTEMPATH\CodeIgniter.php(499): CodeIgniter\CodeIgniter->runController(Object(App\Controllers\CPeminjamanBuku))
 8 SYSTEMPATH\CodeIgniter.php(368): CodeIgniter\CodeIgniter->handleRequest(null, Object(Config\Cache), false)
 9 FCPATH\index.php(67): CodeIgniter\CodeIgniter->run()
10 SYSTEMPATH\Commands\Server\rewrite.php(47): require_once('C:\\xampp2\\htdocs\\e_library\\public\\index.php')
INFO - 2023-06-23 09:53:51 --> Session: Class initialized using 'CodeIgniter\Session\Handlers\FileHandler' driver.
INFO - 2023-06-23 09:54:32 --> Session: Class initialized using 'CodeIgniter\Session\Handlers\FileHandler' driver.
INFO - 2023-06-23 09:55:06 --> Session: Class initialized using 'CodeIgniter\Session\Handlers\FileHandler' driver.
INFO - 2023-06-23 09:55:43 --> Session: Class initialized using 'CodeIgniter\Session\Handlers\FileHandler' driver.
INFO - 2023-06-23 09:55:46 --> Session: Class initialized using 'CodeIgniter\Session\Handlers\FileHandler' driver.
INFO - 2023-06-23 10:03:22 --> Session: Class initialized using 'CodeIgniter\Session\Handlers\FileHandler' driver.
INFO - 2023-06-23 10:03:24 --> Session: Class initialized using 'CodeIgniter\Session\Handlers\FileHandler' driver.
CRITICAL - 2023-06-23 10:03:25 --> Undefined array key "gambar_buku"
in APPPATH\Views\admin\daftar\viewpeminjamanbuku.php on line 59.
 1 APPPATH\Views\admin\daftar\viewpeminjamanbuku.php(59): CodeIgniter\Debug\Exceptions->errorHandler(2, 'Undefined array key "gambar_buku"', 'C:\\xampp2\\htdocs\\e_library\\app\\Views\\admin\\daftar\\viewpeminjamanbuku.php', 59)
 2 SYSTEMPATH\View\View.php(213): include('C:\\xampp2\\htdocs\\e_library\\app\\Views\\admin\\daftar\\viewpeminjamanbuku.php')
 3 SYSTEMPATH\View\View.php(216): CodeIgniter\View\View->CodeIgniter\View\{closure}()
 4 SYSTEMPATH\Common.php(1184): CodeIgniter\View\View->render('admin/daftar/viewpeminjamanbuku', [], true)
 5 APPPATH\Controllers\CPeminjamanBuku.php(40): view('admin/daftar/viewpeminjamanbuku', [...])
 6 SYSTEMPATH\CodeIgniter.php(934): App\Controllers\CPeminjamanBuku->index()
 7 SYSTEMPATH\CodeIgniter.php(499): CodeIgniter\CodeIgniter->runController(Object(App\Controllers\CPeminjamanBuku))
 8 SYSTEMPATH\CodeIgniter.php(368): CodeIgniter\CodeIgniter->handleRequest(null, Object(Config\Cache), false)
 9 FCPATH\index.php(67): CodeIgniter\CodeIgniter->run()
10 SYSTEMPATH\Commands\Server\rewrite.php(47): require_once('C:\\xampp2\\htdocs\\e_library\\public\\index.php')
INFO - 2023-06-23 10:03:44 --> Session: Class initialized using 'CodeIgniter\Session\Handlers\FileHandler' driver.
INFO - 2023-06-23 12:21:34 --> Session: Class initialized using 'CodeIgniter\Session\Handlers\FileHandler' driver.
INFO - 2023-06-23 12:21:36 --> Session: Class initialized using 'CodeIgniter\Session\Handlers\FileHandler' driver.
INFO - 2023-06-23 12:21:43 --> Session: Class initialized using 'CodeIgniter\Session\Handlers\FileHandler' driver.
INFO - 2023-06-23 12:21:44 --> Session: Class initialized using 'CodeIgniter\Session\Handlers\FileHandler' driver.
INFO - 2023-06-23 12:21:48 --> Session: Class initialized using 'CodeIgniter\Session\Handlers\FileHandler' driver.
INFO - 2023-06-23 12:59:21 --> Session: Class initialized using 'CodeIgniter\Session\Handlers\FileHandler' driver.
INFO - 2023-06-23 12:59:26 --> Session: Class initialized using 'CodeIgniter\Session\Handlers\FileHandler' driver.
INFO - 2023-06-23 13:00:10 --> Session: Class initialized using 'CodeIgniter\Session\Handlers\FileHandler' driver.
INFO - 2023-06-23 13:01:05 --> Session: Class initialized using 'CodeIgniter\Session\Handlers\FileHandler' driver.
INFO - 2023-06-23 13:01:05 --> Session: Class initialized using 'CodeIgniter\Session\Handlers\FileHandler' driver.
INFO - 2023-06-23 13:01:13 --> Session: Class initialized using 'CodeIgniter\Session\Handlers\FileHandler' driver.
INFO - 2023-06-23 13:01:13 --> Session: Class initialized using 'CodeIgniter\Session\Handlers\FileHandler' driver.
INFO - 2023-06-23 13:01:18 --> Session: Class initialized using 'CodeIgniter\Session\Handlers\FileHandler' driver.
INFO - 2023-06-23 13:01:18 --> Session: Class initialized using 'CodeIgniter\Session\Handlers\FileHandler' driver.
INFO - 2023-06-23 13:01:23 --> Session: Class initialized using 'CodeIgniter\Session\Handlers\FileHandler' driver.
INFO - 2023-06-23 13:01:23 --> Session: Class initialized using 'CodeIgniter\Session\Handlers\FileHandler' driver.
INFO - 2023-06-23 13:01:27 --> Session: Class initialized using 'CodeIgniter\Session\Handlers\FileHandler' driver.
INFO - 2023-06-23 13:01:28 --> Session: Class initialized using 'CodeIgniter\Session\Handlers\FileHandler' driver.
INFO - 2023-06-23 13:01:33 --> Session: Class initialized using 'CodeIgniter\Session\Handlers\FileHandler' driver.
INFO - 2023-06-23 13:01:33 --> Session: Class initialized using 'CodeIgniter\Session\Handlers\FileHandler' driver.
INFO - 2023-06-23 13:01:42 --> Session: Class initialized using 'CodeIgniter\Session\Handlers\FileHandler' driver.
INFO - 2023-06-23 13:01:42 --> Session: Class initialized using 'CodeIgniter\Session\Handlers\FileHandler' driver.
INFO - 2023-06-23 13:01:47 --> Session: Class initialized using 'CodeIgniter\Session\Handlers\FileHandler' driver.
INFO - 2023-06-23 13:01:47 --> Session: Class initialized using 'CodeIgniter\Session\Handlers\FileHandler' driver.
INFO - 2023-06-23 13:01:55 --> Session: Class initialized using 'CodeIgniter\Session\Handlers\FileHandler' driver.
INFO - 2023-06-23 13:01:55 --> Session: Class initialized using 'CodeIgniter\Session\Handlers\FileHandler' driver.
INFO - 2023-06-23 13:02:04 --> Session: Class initialized using 'CodeIgniter\Session\Handlers\FileHandler' driver.
INFO - 2023-06-23 13:02:04 --> Session: Class initialized using 'CodeIgniter\Session\Handlers\FileHandler' driver.
INFO - 2023-06-23 13:02:26 --> Session: Class initialized using 'CodeIgniter\Session\Handlers\FileHandler' driver.
INFO - 2023-06-23 13:02:26 --> Session: Class initialized using 'CodeIgniter\Session\Handlers\FileHandler' driver.
INFO - 2023-06-23 13:02:31 --> Session: Class initialized using 'CodeIgniter\Session\Handlers\FileHandler' driver.
INFO - 2023-06-23 13:02:31 --> Session: Class initialized using 'CodeIgniter\Session\Handlers\FileHandler' driver.
INFO - 2023-06-23 13:02:44 --> Session: Class initialized using 'CodeIgniter\Session\Handlers\FileHandler' driver.
INFO - 2023-06-23 13:02:52 --> Session: Class initialized using 'CodeIgniter\Session\Handlers\FileHandler' driver.
INFO - 2023-06-23 13:02:55 --> Session: Class initialized using 'CodeIgniter\Session\Handlers\FileHandler' driver.
INFO - 2023-06-23 13:03:01 --> Session: Class initialized using 'CodeIgniter\Session\Handlers\FileHandler' driver.
INFO - 2023-06-23 13:03:49 --> Session: Class initialized using 'CodeIgniter\Session\Handlers\FileHandler' driver.
INFO - 2023-06-23 13:08:44 --> Session: Class initialized using 'CodeIgniter\Session\Handlers\FileHandler' driver.
INFO - 2023-06-23 13:31:13 --> Session: Class initialized using 'CodeIgniter\Session\Handlers\FileHandler' driver.
INFO - 2023-06-23 13:31:16 --> Session: Class initialized using 'CodeIgniter\Session\Handlers\FileHandler' driver.
INFO - 2023-06-23 14:09:43 --> Session: Class initialized using 'CodeIgniter\Session\Handlers\FileHandler' driver.
INFO - 2023-06-23 14:09:51 --> Session: Class initialized using 'CodeIgniter\Session\Handlers\FileHandler' driver.
INFO - 2023-06-23 14:19:37 --> Session: Class initialized using 'CodeIgniter\Session\Handlers\FileHandler' driver.
CRITICAL - 2023-06-23 14:19:37 --> Undefined variable $peminjaman
in APPPATH\Views\admin\daftar\viewpeminjamanbuku.php on line 80.
 1 APPPATH\Views\admin\daftar\viewpeminjamanbuku.php(80): CodeIgniter\Debug\Exceptions->errorHandler(2, 'Undefined variable $peminjaman', 'C:\\xampp2\\htdocs\\e_library\\app\\Views\\admin\\daftar\\viewpeminjamanbuku.php', 80)
 2 SYSTEMPATH\View\View.php(213): include('C:\\xampp2\\htdocs\\e_library\\app\\Views\\admin\\daftar\\viewpeminjamanbuku.php')
 3 SYSTEMPATH\View\View.php(216): CodeIgniter\View\View->CodeIgniter\View\{closure}()
 4 SYSTEMPATH\Common.php(1184): CodeIgniter\View\View->render('admin/daftar/viewpeminjamanbuku', [], true)
 5 APPPATH\Controllers\CPeminjamanBuku.php(40): view('admin/daftar/viewpeminjamanbuku', [...])
 6 SYSTEMPATH\CodeIgniter.php(934): App\Controllers\CPeminjamanBuku->index()
 7 SYSTEMPATH\CodeIgniter.php(499): CodeIgniter\CodeIgniter->runController(Object(App\Controllers\CPeminjamanBuku))
 8 SYSTEMPATH\CodeIgniter.php(368): CodeIgniter\CodeIgniter->handleRequest(null, Object(Config\Cache), false)
 9 FCPATH\index.php(67): CodeIgniter\CodeIgniter->run()
10 SYSTEMPATH\Commands\Server\rewrite.php(47): require_once('C:\\xampp2\\htdocs\\e_library\\public\\index.php')
INFO - 2023-06-23 14:21:00 --> Session: Class initialized using 'CodeIgniter\Session\Handlers\FileHandler' driver.
CRITICAL - 2023-06-23 14:21:00 --> Undefined variable $peminjaman
in APPPATH\Views\admin\daftar\viewpeminjamanbuku.php on line 80.
 1 APPPATH\Views\admin\daftar\viewpeminjamanbuku.php(80): CodeIgniter\Debug\Exceptions->errorHandler(2, 'Undefined variable $peminjaman', 'C:\\xampp2\\htdocs\\e_library\\app\\Views\\admin\\daftar\\viewpeminjamanbuku.php', 80)
 2 SYSTEMPATH\View\View.php(213): include('C:\\xampp2\\htdocs\\e_library\\app\\Views\\admin\\daftar\\viewpeminjamanbuku.php')
 3 SYSTEMPATH\View\View.php(216): CodeIgniter\View\View->CodeIgniter\View\{closure}()
 4 SYSTEMPATH\Common.php(1184): CodeIgniter\View\View->render('admin/daftar/viewpeminjamanbuku', [], true)
 5 APPPATH\Controllers\CPeminjamanBuku.php(51): view('admin/daftar/viewpeminjamanbuku', [...])
 6 SYSTEMPATH\CodeIgniter.php(934): App\Controllers\CPeminjamanBuku->index()
 7 SYSTEMPATH\CodeIgniter.php(499): CodeIgniter\CodeIgniter->runController(Object(App\Controllers\CPeminjamanBuku))
 8 SYSTEMPATH\CodeIgniter.php(368): CodeIgniter\CodeIgniter->handleRequest(null, Object(Config\Cache), false)
 9 FCPATH\index.php(67): CodeIgniter\CodeIgniter->run()
10 SYSTEMPATH\Commands\Server\rewrite.php(47): require_once('C:\\xampp2\\htdocs\\e_library\\public\\index.php')
INFO - 2023-06-23 14:21:02 --> Session: Class initialized using 'CodeIgniter\Session\Handlers\FileHandler' driver.
CRITICAL - 2023-06-23 14:21:02 --> Undefined variable $peminjaman
in APPPATH\Views\admin\daftar\viewpeminjamanbuku.php on line 80.
 1 APPPATH\Views\admin\daftar\viewpeminjamanbuku.php(80): CodeIgniter\Debug\Exceptions->errorHandler(2, 'Undefined variable $peminjaman', 'C:\\xampp2\\htdocs\\e_library\\app\\Views\\admin\\daftar\\viewpeminjamanbuku.php', 80)
 2 SYSTEMPATH\View\View.php(213): include('C:\\xampp2\\htdocs\\e_library\\app\\Views\\admin\\daftar\\viewpeminjamanbuku.php')
 3 SYSTEMPATH\View\View.php(216): CodeIgniter\View\View->CodeIgniter\View\{closure}()
 4 SYSTEMPATH\Common.php(1184): CodeIgniter\View\View->render('admin/daftar/viewpeminjamanbuku', [], true)
 5 APPPATH\Controllers\CPeminjamanBuku.php(51): view('admin/daftar/viewpeminjamanbuku', [...])
 6 SYSTEMPATH\CodeIgniter.php(934): App\Controllers\CPeminjamanBuku->index()
 7 SYSTEMPATH\CodeIgniter.php(499): CodeIgniter\CodeIgniter->runController(Object(App\Controllers\CPeminjamanBuku))
 8 SYSTEMPATH\CodeIgniter.php(368): CodeIgniter\CodeIgniter->handleRequest(null, Object(Config\Cache), false)
 9 FCPATH\index.php(67): CodeIgniter\CodeIgniter->run()
10 SYSTEMPATH\Commands\Server\rewrite.php(47): require_once('C:\\xampp2\\htdocs\\e_library\\public\\index.php')
INFO - 2023-06-23 14:21:09 --> Session: Class initialized using 'CodeIgniter\Session\Handlers\FileHandler' driver.
CRITICAL - 2023-06-23 14:21:09 --> Undefined variable $peminjaman
in APPPATH\Views\admin\daftar\viewpeminjamanbuku.php on line 80.
 1 APPPATH\Views\admin\daftar\viewpeminjamanbuku.php(80): CodeIgniter\Debug\Exceptions->errorHandler(2, 'Undefined variable $peminjaman', 'C:\\xampp2\\htdocs\\e_library\\app\\Views\\admin\\daftar\\viewpeminjamanbuku.php', 80)
 2 SYSTEMPATH\View\View.php(213): include('C:\\xampp2\\htdocs\\e_library\\app\\Views\\admin\\daftar\\viewpeminjamanbuku.php')
 3 SYSTEMPATH\View\View.php(216): CodeIgniter\View\View->CodeIgniter\View\{closure}()
 4 SYSTEMPATH\Common.php(1184): CodeIgniter\View\View->render('admin/daftar/viewpeminjamanbuku', [], true)
 5 APPPATH\Controllers\CPeminjamanBuku.php(51): view('admin/daftar/viewpeminjamanbuku', [...])
 6 SYSTEMPATH\CodeIgniter.php(934): App\Controllers\CPeminjamanBuku->index()
 7 SYSTEMPATH\CodeIgniter.php(499): CodeIgniter\CodeIgniter->runController(Object(App\Controllers\CPeminjamanBuku))
 8 SYSTEMPATH\CodeIgniter.php(368): CodeIgniter\CodeIgniter->handleRequest(null, Object(Config\Cache), false)
 9 FCPATH\index.php(67): CodeIgniter\CodeIgniter->run()
10 SYSTEMPATH\Commands\Server\rewrite.php(47): require_once('C:\\xampp2\\htdocs\\e_library\\public\\index.php')
INFO - 2023-06-23 14:21:17 --> Session: Class initialized using 'CodeIgniter\Session\Handlers\FileHandler' driver.
CRITICAL - 2023-06-23 14:21:17 --> Undefined variable $peminjaman
in APPPATH\Views\admin\daftar\viewpeminjamanbuku.php on line 80.
 1 APPPATH\Views\admin\daftar\viewpeminjamanbuku.php(80): CodeIgniter\Debug\Exceptions->errorHandler(2, 'Undefined variable $peminjaman', 'C:\\xampp2\\htdocs\\e_library\\app\\Views\\admin\\daftar\\viewpeminjamanbuku.php', 80)
 2 SYSTEMPATH\View\View.php(213): include('C:\\xampp2\\htdocs\\e_library\\app\\Views\\admin\\daftar\\viewpeminjamanbuku.php')
 3 SYSTEMPATH\View\View.php(216): CodeIgniter\View\View->CodeIgniter\View\{closure}()
 4 SYSTEMPATH\Common.php(1184): CodeIgniter\View\View->render('admin/daftar/viewpeminjamanbuku', [], true)
 5 APPPATH\Controllers\CPeminjamanBuku.php(51): view('admin/daftar/viewpeminjamanbuku', [...])
 6 SYSTEMPATH\CodeIgniter.php(934): App\Controllers\CPeminjamanBuku->index()
 7 SYSTEMPATH\CodeIgniter.php(499): CodeIgniter\CodeIgniter->runController(Object(App\Controllers\CPeminjamanBuku))
 8 SYSTEMPATH\CodeIgniter.php(368): CodeIgniter\CodeIgniter->handleRequest(null, Object(Config\Cache), false)
 9 FCPATH\index.php(67): CodeIgniter\CodeIgniter->run()
10 SYSTEMPATH\Commands\Server\rewrite.php(47): require_once('C:\\xampp2\\htdocs\\e_library\\public\\index.php')
INFO - 2023-06-23 14:21:55 --> Session: Class initialized using 'CodeIgniter\Session\Handlers\FileHandler' driver.
CRITICAL - 2023-06-23 14:21:55 --> Undefined variable $item_buku
in APPPATH\Views\admin\daftar\viewpeminjamanbuku.php on line 49.
 1 APPPATH\Views\admin\daftar\viewpeminjamanbuku.php(49): CodeIgniter\Debug\Exceptions->errorHandler(2, 'Undefined variable $item_buku', 'C:\\xampp2\\htdocs\\e_library\\app\\Views\\admin\\daftar\\viewpeminjamanbuku.php', 49)
 2 SYSTEMPATH\View\View.php(213): include('C:\\xampp2\\htdocs\\e_library\\app\\Views\\admin\\daftar\\viewpeminjamanbuku.php')
 3 SYSTEMPATH\View\View.php(216): CodeIgniter\View\View->CodeIgniter\View\{closure}()
 4 SYSTEMPATH\Common.php(1184): CodeIgniter\View\View->render('admin/daftar/viewpeminjamanbuku', [], true)
 5 APPPATH\Controllers\CPeminjamanBuku.php(51): view('admin/daftar/viewpeminjamanbuku', [...])
 6 SYSTEMPATH\CodeIgniter.php(934): App\Controllers\CPeminjamanBuku->index()
 7 SYSTEMPATH\CodeIgniter.php(499): CodeIgniter\CodeIgniter->runController(Object(App\Controllers\CPeminjamanBuku))
 8 SYSTEMPATH\CodeIgniter.php(368): CodeIgniter\CodeIgniter->handleRequest(null, Object(Config\Cache), false)
 9 FCPATH\index.php(67): CodeIgniter\CodeIgniter->run()
10 SYSTEMPATH\Commands\Server\rewrite.php(47): require_once('C:\\xampp2\\htdocs\\e_library\\public\\index.php')
INFO - 2023-06-23 14:22:15 --> Session: Class initialized using 'CodeIgniter\Session\Handlers\FileHandler' driver.
INFO - 2023-06-23 14:22:27 --> Session: Class initialized using 'CodeIgniter\Session\Handlers\FileHandler' driver.
INFO - 2023-06-23 14:26:46 --> Session: Class initialized using 'CodeIgniter\Session\Handlers\FileHandler' driver.
INFO - 2023-06-23 14:27:09 --> Session: Class initialized using 'CodeIgniter\Session\Handlers\FileHandler' driver.
INFO - 2023-06-23 14:28:20 --> Session: Class initialized using 'CodeIgniter\Session\Handlers\FileHandler' driver.
CRITICAL - 2023-06-23 14:28:20 --> Undefined array key "detail_peminjam"
in APPPATH\Views\admin\daftar\viewpeminjamanbuku.php on line 91.
 1 APPPATH\Views\admin\daftar\viewpeminjamanbuku.php(91): CodeIgniter\Debug\Exceptions->errorHandler(2, 'Undefined array key "detail_peminjam"', 'C:\\xampp2\\htdocs\\e_library\\app\\Views\\admin\\daftar\\viewpeminjamanbuku.php', 91)
 2 SYSTEMPATH\View\View.php(213): include('C:\\xampp2\\htdocs\\e_library\\app\\Views\\admin\\daftar\\viewpeminjamanbuku.php')
 3 SYSTEMPATH\View\View.php(216): CodeIgniter\View\View->CodeIgniter\View\{closure}()
 4 SYSTEMPATH\Common.php(1184): CodeIgniter\View\View->render('admin/daftar/viewpeminjamanbuku', [], true)
 5 APPPATH\Controllers\CPeminjamanBuku.php(51): view('admin/daftar/viewpeminjamanbuku', [...])
 6 SYSTEMPATH\CodeIgniter.php(934): App\Controllers\CPeminjamanBuku->index()
 7 SYSTEMPATH\CodeIgniter.php(499): CodeIgniter\CodeIgniter->runController(Object(App\Controllers\CPeminjamanBuku))
 8 SYSTEMPATH\CodeIgniter.php(368): CodeIgniter\CodeIgniter->handleRequest(null, Object(Config\Cache), false)
 9 FCPATH\index.php(67): CodeIgniter\CodeIgniter->run()
10 SYSTEMPATH\Commands\Server\rewrite.php(47): require_once('C:\\xampp2\\htdocs\\e_library\\public\\index.php')
INFO - 2023-06-23 14:31:42 --> Session: Class initialized using 'CodeIgniter\Session\Handlers\FileHandler' driver.
CRITICAL - 2023-06-23 14:31:42 --> Call to undefined method CodeIgniter\View\View::getDetailPeminjam()
in APPPATH\Views\admin\daftar\viewpeminjamanbuku.php on line 91.
 1 SYSTEMPATH\View\View.php(213): include()
 2 SYSTEMPATH\View\View.php(216): CodeIgniter\View\View->CodeIgniter\View\{closure}()
 3 SYSTEMPATH\Common.php(1184): CodeIgniter\View\View->render('admin/daftar/viewpeminjamanbuku', [], true)
 4 APPPATH\Controllers\CPeminjamanBuku.php(51): view('admin/daftar/viewpeminjamanbuku', [...])
 5 SYSTEMPATH\CodeIgniter.php(934): App\Controllers\CPeminjamanBuku->index()
 6 SYSTEMPATH\CodeIgniter.php(499): CodeIgniter\CodeIgniter->runController(Object(App\Controllers\CPeminjamanBuku))
 7 SYSTEMPATH\CodeIgniter.php(368): CodeIgniter\CodeIgniter->handleRequest(null, Object(Config\Cache), false)
 8 FCPATH\index.php(67): CodeIgniter\CodeIgniter->run()
 9 SYSTEMPATH\Commands\Server\rewrite.php(47): require_once('C:\\xampp2\\htdocs\\e_library\\public\\index.php')
INFO - 2023-06-23 14:32:20 --> Session: Class initialized using 'CodeIgniter\Session\Handlers\FileHandler' driver.
CRITICAL - 2023-06-23 14:32:20 --> Call to undefined method CodeIgniter\View\View::getDetailPeminjam()
in APPPATH\Views\admin\daftar\viewpeminjamanbuku.php on line 91.
 1 SYSTEMPATH\View\View.php(213): include()
 2 SYSTEMPATH\View\View.php(216): CodeIgniter\View\View->CodeIgniter\View\{closure}()
 3 SYSTEMPATH\Common.php(1184): CodeIgniter\View\View->render('admin/daftar/viewpeminjamanbuku', [], true)
 4 APPPATH\Controllers\CPeminjamanBuku.php(51): view('admin/daftar/viewpeminjamanbuku', [...])
 5 SYSTEMPATH\CodeIgniter.php(934): App\Controllers\CPeminjamanBuku->index()
 6 SYSTEMPATH\CodeIgniter.php(499): CodeIgniter\CodeIgniter->runController(Object(App\Controllers\CPeminjamanBuku))
 7 SYSTEMPATH\CodeIgniter.php(368): CodeIgniter\CodeIgniter->handleRequest(null, Object(Config\Cache), false)
 8 FCPATH\index.php(67): CodeIgniter\CodeIgniter->run()
 9 SYSTEMPATH\Commands\Server\rewrite.php(47): require_once('C:\\xampp2\\htdocs\\e_library\\public\\index.php')
INFO - 2023-06-23 14:34:29 --> Session: Class initialized using 'CodeIgniter\Session\Handlers\FileHandler' driver.
INFO - 2023-06-23 14:34:39 --> Session: Class initialized using 'CodeIgniter\Session\Handlers\FileHandler' driver.
INFO - 2023-06-23 14:35:26 --> Session: Class initialized using 'CodeIgniter\Session\Handlers\FileHandler' driver.
CRITICAL - 2023-06-23 14:35:26 --> Undefined array key "judul_buku"
in APPPATH\Controllers\CPeminjamanBuku.php on line 46.
 1 APPPATH\Controllers\CPeminjamanBuku.php(46): CodeIgniter\Debug\Exceptions->errorHandler(2, 'Undefined array key "judul_buku"', 'C:\\xampp2\\htdocs\\e_library\\app\\Controllers\\CPeminjamanBuku.php', 46)
 2 SYSTEMPATH\CodeIgniter.php(934): App\Controllers\CPeminjamanBuku->index()
 3 SYSTEMPATH\CodeIgniter.php(499): CodeIgniter\CodeIgniter->runController(Object(App\Controllers\CPeminjamanBuku))
 4 SYSTEMPATH\CodeIgniter.php(368): CodeIgniter\CodeIgniter->handleRequest(null, Object(Config\Cache), false)
 5 FCPATH\index.php(67): CodeIgniter\CodeIgniter->run()
 6 SYSTEMPATH\Commands\Server\rewrite.php(47): require_once('C:\\xampp2\\htdocs\\e_library\\public\\index.php')
INFO - 2023-06-23 14:35:51 --> Session: Class initialized using 'CodeIgniter\Session\Handlers\FileHandler' driver.
INFO - 2023-06-23 14:38:17 --> Session: Class initialized using 'CodeIgniter\Session\Handlers\FileHandler' driver.
INFO - 2023-06-23 14:39:17 --> Session: Class initialized using 'CodeIgniter\Session\Handlers\FileHandler' driver.
INFO - 2023-06-23 14:39:26 --> Session: Class initialized using 'CodeIgniter\Session\Handlers\FileHandler' driver.
INFO - 2023-06-23 14:40:04 --> Session: Class initialized using 'CodeIgniter\Session\Handlers\FileHandler' driver.
INFO - 2023-06-23 14:40:18 --> Session: Class initialized using 'CodeIgniter\Session\Handlers\FileHandler' driver.
INFO - 2023-06-23 14:40:18 --> Session: Class initialized using 'CodeIgniter\Session\Handlers\FileHandler' driver.
INFO - 2023-06-23 14:41:33 --> Session: Class initialized using 'CodeIgniter\Session\Handlers\FileHandler' driver.
INFO - 2023-06-23 14:41:33 --> Session: Class initialized using 'CodeIgniter\Session\Handlers\FileHandler' driver.
INFO - 2023-06-23 14:41:40 --> Session: Class initialized using 'CodeIgniter\Session\Handlers\FileHandler' driver.
INFO - 2023-06-23 14:41:53 --> Session: Class initialized using 'CodeIgniter\Session\Handlers\FileHandler' driver.
INFO - 2023-06-23 14:43:09 --> Session: Class initialized using 'CodeIgniter\Session\Handlers\FileHandler' driver.
INFO - 2023-06-23 14:43:45 --> Session: Class initialized using 'CodeIgniter\Session\Handlers\FileHandler' driver.
INFO - 2023-06-23 14:44:02 --> Session: Class initialized using 'CodeIgniter\Session\Handlers\FileHandler' driver.
INFO - 2023-06-23 15:05:47 --> Session: Class initialized using 'CodeIgniter\Session\Handlers\FileHandler' driver.
CRITICAL - 2023-06-23 15:05:47 --> Trying to access array offset on value of type null
in APPPATH\Views\admin\daftar\viewpeminjamanbuku.php on line 57.
 1 APPPATH\Views\admin\daftar\viewpeminjamanbuku.php(57): CodeIgniter\Debug\Exceptions->errorHandler(2, 'Trying to access array offset on value of type null', 'C:\\xampp2\\htdocs\\e_library\\app\\Views\\admin\\daftar\\viewpeminjamanbuku.php', 57)
 2 SYSTEMPATH\View\View.php(213): include('C:\\xampp2\\htdocs\\e_library\\app\\Views\\admin\\daftar\\viewpeminjamanbuku.php')
 3 SYSTEMPATH\View\View.php(216): CodeIgniter\View\View->CodeIgniter\View\{closure}()
 4 SYSTEMPATH\Common.php(1184): CodeIgniter\View\View->render('admin/daftar/viewpeminjamanbuku', [], true)
 5 APPPATH\Controllers\CPeminjamanBuku.php(55): view('admin/daftar/viewpeminjamanbuku', [...])
 6 SYSTEMPATH\CodeIgniter.php(934): App\Controllers\CPeminjamanBuku->index()
 7 SYSTEMPATH\CodeIgniter.php(499): CodeIgniter\CodeIgniter->runController(Object(App\Controllers\CPeminjamanBuku))
 8 SYSTEMPATH\CodeIgniter.php(368): CodeIgniter\CodeIgniter->handleRequest(null, Object(Config\Cache), false)
 9 FCPATH\index.php(67): CodeIgniter\CodeIgniter->run()
10 SYSTEMPATH\Commands\Server\rewrite.php(47): require_once('C:\\xampp2\\htdocs\\e_library\\public\\index.php')
INFO - 2023-06-23 15:06:11 --> Session: Class initialized using 'CodeIgniter\Session\Handlers\FileHandler' driver.
CRITICAL - 2023-06-23 15:06:11 --> Trying to access array offset on value of type null
in APPPATH\Views\admin\daftar\viewpeminjamanbuku.php on line 57.
 1 APPPATH\Views\admin\daftar\viewpeminjamanbuku.php(57): CodeIgniter\Debug\Exceptions->errorHandler(2, 'Trying to access array offset on value of type null', 'C:\\xampp2\\htdocs\\e_library\\app\\Views\\admin\\daftar\\viewpeminjamanbuku.php', 57)
 2 SYSTEMPATH\View\View.php(213): include('C:\\xampp2\\htdocs\\e_library\\app\\Views\\admin\\daftar\\viewpeminjamanbuku.php')
 3 SYSTEMPATH\View\View.php(216): CodeIgniter\View\View->CodeIgniter\View\{closure}()
 4 SYSTEMPATH\Common.php(1184): CodeIgniter\View\View->render('admin/daftar/viewpeminjamanbuku', [], true)
 5 APPPATH\Controllers\CPeminjamanBuku.php(55): view('admin/daftar/viewpeminjamanbuku', [...])
 6 SYSTEMPATH\CodeIgniter.php(934): App\Controllers\CPeminjamanBuku->index()
 7 SYSTEMPATH\CodeIgniter.php(499): CodeIgniter\CodeIgniter->runController(Object(App\Controllers\CPeminjamanBuku))
 8 SYSTEMPATH\CodeIgniter.php(368): CodeIgniter\CodeIgniter->handleRequest(null, Object(Config\Cache), false)
 9 FCPATH\index.php(67): CodeIgniter\CodeIgniter->run()
10 SYSTEMPATH\Commands\Server\rewrite.php(47): require_once('C:\\xampp2\\htdocs\\e_library\\public\\index.php')
INFO - 2023-06-23 15:06:25 --> Session: Class initialized using 'CodeIgniter\Session\Handlers\FileHandler' driver.
CRITICAL - 2023-06-23 15:06:25 --> Trying to access array offset on value of type null
in APPPATH\Views\admin\daftar\viewpeminjamanbuku.php on line 57.
 1 APPPATH\Views\admin\daftar\viewpeminjamanbuku.php(57): CodeIgniter\Debug\Exceptions->errorHandler(2, 'Trying to access array offset on value of type null', 'C:\\xampp2\\htdocs\\e_library\\app\\Views\\admin\\daftar\\viewpeminjamanbuku.php', 57)
 2 SYSTEMPATH\View\View.php(213): include('C:\\xampp2\\htdocs\\e_library\\app\\Views\\admin\\daftar\\viewpeminjamanbuku.php')
 3 SYSTEMPATH\View\View.php(216): CodeIgniter\View\View->CodeIgniter\View\{closure}()
 4 SYSTEMPATH\Common.php(1184): CodeIgniter\View\View->render('admin/daftar/viewpeminjamanbuku', [], true)
 5 APPPATH\Controllers\CPeminjamanBuku.php(55): view('admin/daftar/viewpeminjamanbuku', [...])
 6 SYSTEMPATH\CodeIgniter.php(934): App\Controllers\CPeminjamanBuku->index()
 7 SYSTEMPATH\CodeIgniter.php(499): CodeIgniter\CodeIgniter->runController(Object(App\Controllers\CPeminjamanBuku))
 8 SYSTEMPATH\CodeIgniter.php(368): CodeIgniter\CodeIgniter->handleRequest(null, Object(Config\Cache), false)
 9 FCPATH\index.php(67): CodeIgniter\CodeIgniter->run()
10 SYSTEMPATH\Commands\Server\rewrite.php(47): require_once('C:\\xampp2\\htdocs\\e_library\\public\\index.php')
INFO - 2023-06-23 15:07:31 --> Session: Class initialized using 'CodeIgniter\Session\Handlers\FileHandler' driver.
INFO - 2023-06-23 15:08:24 --> Session: Class initialized using 'CodeIgniter\Session\Handlers\FileHandler' driver.
INFO - 2023-06-23 15:08:31 --> Session: Class initialized using 'CodeIgniter\Session\Handlers\FileHandler' driver.
INFO - 2023-06-23 15:09:45 --> Session: Class initialized using 'CodeIgniter\Session\Handlers\FileHandler' driver.
INFO - 2023-06-23 15:09:53 --> Session: Class initialized using 'CodeIgniter\Session\Handlers\FileHandler' driver.
INFO - 2023-06-23 15:11:07 --> Session: Class initialized using 'CodeIgniter\Session\Handlers\FileHandler' driver.
INFO - 2023-06-23 15:13:44 --> Session: Class initialized using 'CodeIgniter\Session\Handlers\FileHandler' driver.
INFO - 2023-06-23 15:24:24 --> Session: Class initialized using 'CodeIgniter\Session\Handlers\FileHandler' driver.
INFO - 2023-06-23 15:24:32 --> Session: Class initialized using 'CodeIgniter\Session\Handlers\FileHandler' driver.
INFO - 2023-06-23 15:24:44 --> Session: Class initialized using 'CodeIgniter\Session\Handlers\FileHandler' driver.
INFO - 2023-06-23 15:25:04 --> Session: Class initialized using 'CodeIgniter\Session\Handlers\FileHandler' driver.
INFO - 2023-06-23 15:25:04 --> Session: Class initialized using 'CodeIgniter\Session\Handlers\FileHandler' driver.
INFO - 2023-06-23 15:25:56 --> Session: Class initialized using 'CodeIgniter\Session\Handlers\FileHandler' driver.
INFO - 2023-06-23 15:26:39 --> Session: Class initialized using 'CodeIgniter\Session\Handlers\FileHandler' driver.
INFO - 2023-06-23 15:26:45 --> Session: Class initialized using 'CodeIgniter\Session\Handlers\FileHandler' driver.
INFO - 2023-06-23 15:27:14 --> Session: Class initialized using 'CodeIgniter\Session\Handlers\FileHandler' driver.
INFO - 2023-06-23 15:27:33 --> Session: Class initialized using 'CodeIgniter\Session\Handlers\FileHandler' driver.
INFO - 2023-06-23 15:27:58 --> Session: Class initialized using 'CodeIgniter\Session\Handlers\FileHandler' driver.
INFO - 2023-06-23 15:28:08 --> Session: Class initialized using 'CodeIgniter\Session\Handlers\FileHandler' driver.
INFO - 2023-06-23 15:28:17 --> Session: Class initialized using 'CodeIgniter\Session\Handlers\FileHandler' driver.
INFO - 2023-06-23 15:29:15 --> Session: Class initialized using 'CodeIgniter\Session\Handlers\FileHandler' driver.
INFO - 2023-06-23 15:29:22 --> Session: Class initialized using 'CodeIgniter\Session\Handlers\FileHandler' driver.
INFO - 2023-06-23 15:29:32 --> Session: Class initialized using 'CodeIgniter\Session\Handlers\FileHandler' driver.
INFO - 2023-06-23 15:29:54 --> Session: Class initialized using 'CodeIgniter\Session\Handlers\FileHandler' driver.
INFO - 2023-06-23 15:30:02 --> Session: Class initialized using 'CodeIgniter\Session\Handlers\FileHandler' driver.
INFO - 2023-06-23 15:30:12 --> Session: Class initialized using 'CodeIgniter\Session\Handlers\FileHandler' driver.
INFO - 2023-06-23 15:30:24 --> Session: Class initialized using 'CodeIgniter\Session\Handlers\FileHandler' driver.
INFO - 2023-06-23 15:30:37 --> Session: Class initialized using 'CodeIgniter\Session\Handlers\FileHandler' driver.
INFO - 2023-06-23 15:30:49 --> Session: Class initialized using 'CodeIgniter\Session\Handlers\FileHandler' driver.
INFO - 2023-06-23 15:31:20 --> Session: Class initialized using 'CodeIgniter\Session\Handlers\FileHandler' driver.
INFO - 2023-06-23 15:31:42 --> Session: Class initialized using 'CodeIgniter\Session\Handlers\FileHandler' driver.
INFO - 2023-06-23 15:32:00 --> Session: Class initialized using 'CodeIgniter\Session\Handlers\FileHandler' driver.
INFO - 2023-06-23 15:32:31 --> Session: Class initialized using 'CodeIgniter\Session\Handlers\FileHandler' driver.
INFO - 2023-06-23 15:32:43 --> Session: Class initialized using 'CodeIgniter\Session\Handlers\FileHandler' driver.
INFO - 2023-06-23 15:32:56 --> Session: Class initialized using 'CodeIgniter\Session\Handlers\FileHandler' driver.
INFO - 2023-06-23 15:33:22 --> Session: Class initialized using 'CodeIgniter\Session\Handlers\FileHandler' driver.
INFO - 2023-06-23 15:34:03 --> Session: Class initialized using 'CodeIgniter\Session\Handlers\FileHandler' driver.
INFO - 2023-06-23 15:34:15 --> Session: Class initialized using 'CodeIgniter\Session\Handlers\FileHandler' driver.
INFO - 2023-06-23 15:34:30 --> Session: Class initialized using 'CodeIgniter\Session\Handlers\FileHandler' driver.
INFO - 2023-06-23 15:47:44 --> Session: Class initialized using 'CodeIgniter\Session\Handlers\FileHandler' driver.
CRITICAL - 2023-06-23 15:47:44 --> Undefined array key "judul"
in APPPATH\Views\admin\daftar\viewpeminjamanbuku.php on line 215.
 1 APPPATH\Views\admin\daftar\viewpeminjamanbuku.php(215): CodeIgniter\Debug\Exceptions->errorHandler(2, 'Undefined array key "judul"', 'C:\\xampp2\\htdocs\\e_library\\app\\Views\\admin\\daftar\\viewpeminjamanbuku.php', 215)
 2 SYSTEMPATH\View\View.php(213): include('C:\\xampp2\\htdocs\\e_library\\app\\Views\\admin\\daftar\\viewpeminjamanbuku.php')
 3 SYSTEMPATH\View\View.php(216): CodeIgniter\View\View->CodeIgniter\View\{closure}()
 4 SYSTEMPATH\Common.php(1184): CodeIgniter\View\View->render('admin/daftar/viewpeminjamanbuku', [], true)
 5 APPPATH\Controllers\CPeminjamanBuku.php(55): view('admin/daftar/viewpeminjamanbuku', [...])
 6 SYSTEMPATH\CodeIgniter.php(934): App\Controllers\CPeminjamanBuku->index()
 7 SYSTEMPATH\CodeIgniter.php(499): CodeIgniter\CodeIgniter->runController(Object(App\Controllers\CPeminjamanBuku))
 8 SYSTEMPATH\CodeIgniter.php(368): CodeIgniter\CodeIgniter->handleRequest(null, Object(Config\Cache), false)
 9 FCPATH\index.php(67): CodeIgniter\CodeIgniter->run()
10 SYSTEMPATH\Commands\Server\rewrite.php(47): require_once('C:\\xampp2\\htdocs\\e_library\\public\\index.php')
INFO - 2023-06-23 15:48:08 --> Session: Class initialized using 'CodeIgniter\Session\Handlers\FileHandler' driver.
INFO - 2023-06-23 15:48:35 --> Session: Class initialized using 'CodeIgniter\Session\Handlers\FileHandler' driver.
INFO - 2023-06-23 15:48:40 --> Session: Class initialized using 'CodeIgniter\Session\Handlers\FileHandler' driver.
INFO - 2023-06-23 15:48:44 --> Session: Class initialized using 'CodeIgniter\Session\Handlers\FileHandler' driver.
INFO - 2023-06-23 15:49:54 --> Session: Class initialized using 'CodeIgniter\Session\Handlers\FileHandler' driver.
INFO - 2023-06-23 15:51:48 --> Session: Class initialized using 'CodeIgniter\Session\Handlers\FileHandler' driver.
INFO - 2023-06-23 15:52:51 --> Session: Class initialized using 'CodeIgniter\Session\Handlers\FileHandler' driver.
INFO - 2023-06-23 15:53:55 --> Session: Class initialized using 'CodeIgniter\Session\Handlers\FileHandler' driver.
INFO - 2023-06-23 15:55:14 --> Session: Class initialized using 'CodeIgniter\Session\Handlers\FileHandler' driver.
INFO - 2023-06-23 15:56:40 --> Session: Class initialized using 'CodeIgniter\Session\Handlers\FileHandler' driver.
INFO - 2023-06-23 15:58:24 --> Session: Class initialized using 'CodeIgniter\Session\Handlers\FileHandler' driver.
INFO - 2023-06-23 15:58:28 --> Session: Class initialized using 'CodeIgniter\Session\Handlers\FileHandler' driver.
INFO - 2023-06-23 16:01:57 --> Session: Class initialized using 'CodeIgniter\Session\Handlers\FileHandler' driver.
INFO - 2023-06-23 16:06:32 --> Session: Class initialized using 'CodeIgniter\Session\Handlers\FileHandler' driver.
INFO - 2023-06-23 16:06:43 --> Session: Class initialized using 'CodeIgniter\Session\Handlers\FileHandler' driver.
INFO - 2023-06-23 16:08:16 --> Session: Class initialized using 'CodeIgniter\Session\Handlers\FileHandler' driver.
INFO - 2023-06-23 16:08:28 --> Session: Class initialized using 'CodeIgniter\Session\Handlers\FileHandler' driver.
INFO - 2023-06-23 16:08:39 --> Session: Class initialized using 'CodeIgniter\Session\Handlers\FileHandler' driver.
INFO - 2023-06-23 16:15:10 --> Session: Class initialized using 'CodeIgniter\Session\Handlers\FileHandler' driver.
INFO - 2023-06-23 16:15:16 --> Session: Class initialized using 'CodeIgniter\Session\Handlers\FileHandler' driver.
INFO - 2023-06-23 16:15:19 --> Session: Class initialized using 'CodeIgniter\Session\Handlers\FileHandler' driver.
INFO - 2023-06-23 16:15:35 --> Session: Class initialized using 'CodeIgniter\Session\Handlers\FileHandler' driver.
INFO - 2023-06-23 16:16:19 --> Session: Class initialized using 'CodeIgniter\Session\Handlers\FileHandler' driver.
INFO - 2023-06-23 16:17:05 --> Session: Class initialized using 'CodeIgniter\Session\Handlers\FileHandler' driver.
INFO - 2023-06-23 16:17:19 --> Session: Class initialized using 'CodeIgniter\Session\Handlers\FileHandler' driver.
INFO - 2023-06-23 16:18:02 --> Session: Class initialized using 'CodeIgniter\Session\Handlers\FileHandler' driver.
INFO - 2023-06-23 16:18:04 --> Session: Class initialized using 'CodeIgniter\Session\Handlers\FileHandler' driver.
INFO - 2023-06-23 16:18:15 --> Session: Class initialized using 'CodeIgniter\Session\Handlers\FileHandler' driver.
ERROR - 2023-06-23 16:18:15 --> mysqli_sql_exception: Column 'kelompok_kelas_peminjam' cannot be null in C:\xampp2\htdocs\e_library\system\Database\MySQLi\Connection.php:295
Stack trace:
#0 C:\xampp2\htdocs\e_library\system\Database\MySQLi\Connection.php(295): mysqli->query('INSERT INTO `pe...', 0)
#1 C:\xampp2\htdocs\e_library\system\Database\BaseConnection.php(692): CodeIgniter\Database\MySQLi\Connection->execute('INSERT INTO `pe...')
#2 C:\xampp2\htdocs\e_library\system\Database\BaseConnection.php(606): CodeIgniter\Database\BaseConnection->simpleQuery('INSERT INTO `pe...')
#3 C:\xampp2\htdocs\e_library\system\Database\BaseBuilder.php(2309): CodeIgniter\Database\BaseConnection->query('INSERT INTO `pe...', Array, false)
#4 C:\xampp2\htdocs\e_library\system\Model.php(330): CodeIgniter\Database\BaseBuilder->insert()
#5 C:\xampp2\htdocs\e_library\system\BaseModel.php(782): CodeIgniter\Model->doInsert(Array)
#6 C:\xampp2\htdocs\e_library\system\Model.php(730): CodeIgniter\BaseModel->insert(Array, true)
#7 C:\xampp2\htdocs\e_library\app\Controllers\CPeminjamanBuku.php(98): CodeIgniter\Model->insert(Array)
#8 C:\xampp2\htdocs\e_library\system\CodeIgniter.php(934): App\Controllers\CPeminjamanBuku->createPeminjamanBuku()
#9 C:\xampp2\htdocs\e_library\system\CodeIgniter.php(499): CodeIgniter\CodeIgniter->runController(Object(App\Controllers\CPeminjamanBuku))
#10 C:\xampp2\htdocs\e_library\system\CodeIgniter.php(368): CodeIgniter\CodeIgniter->handleRequest(NULL, Object(Config\Cache), false)
#11 C:\xampp2\htdocs\e_library\public\index.php(67): CodeIgniter\CodeIgniter->run()
#12 C:\xampp2\htdocs\e_library\system\Commands\Server\rewrite.php(47): require_once('C:\\xampp2\\htdoc...')
#13 {main}
CRITICAL - 2023-06-23 16:18:15 --> Column 'kelompok_kelas_peminjam' cannot be null
in SYSTEMPATH\Database\MySQLi\Connection.php on line 295.
 1 SYSTEMPATH\Database\MySQLi\Connection.php(295): mysqli->query('INSERT INTO `peminjaman_buku` (`nama_peminjam`, `kelas_peminjam`, `kelompok_kelas_peminjam`, `buku_dipinjam`, `jumlah_buku_dipinjam`, `tanggal_peminjaman`) VALUES (\'John Doe\', \'Kelas 1\', NULL, \'Lorem ipsum dolor sit amet, consectetur adipisicing elit, sed do eiusmod tempor incididunt ut labore et dolore magna aliqua. Ut enim ad minim veniam, quis nostrud exercitation ullamco laboris nisi ut aliquip ex ea commodo consequat. Duis aute irure dolor \', \'33\', \'2023-06-23\')', 0)
 2 SYSTEMPATH\Database\BaseConnection.php(692): CodeIgniter\Database\MySQLi\Connection->execute('INSERT INTO `peminjaman_buku` (`nama_peminjam`, `kelas_peminjam`, `kelompok_kelas_peminjam`, `buku_dipinjam`, `jumlah_buku_dipinjam`, `tanggal_peminjaman`) VALUES (\'John Doe\', \'Kelas 1\', NULL, \'Lorem ipsum dolor sit amet, consectetur adipisicing elit, sed do eiusmod tempor incididunt ut labore et dolore magna aliqua. Ut enim ad minim veniam, quis nostrud exercitation ullamco laboris nisi ut aliquip ex ea commodo consequat. Duis aute irure dolor \', \'33\', \'2023-06-23\')')
 3 SYSTEMPATH\Database\BaseConnection.php(606): CodeIgniter\Database\BaseConnection->simpleQuery('INSERT INTO `peminjaman_buku` (`nama_peminjam`, `kelas_peminjam`, `kelompok_kelas_peminjam`, `buku_dipinjam`, `jumlah_buku_dipinjam`, `tanggal_peminjaman`) VALUES (\'John Doe\', \'Kelas 1\', NULL, \'Lorem ipsum dolor sit amet, consectetur adipisicing elit, sed do eiusmod tempor incididunt ut labore et dolore magna aliqua. Ut enim ad minim veniam, quis nostrud exercitation ullamco laboris nisi ut aliquip ex ea commodo consequat. Duis aute irure dolor \', \'33\', \'2023-06-23\')')
 4 SYSTEMPATH\Database\BaseBuilder.php(2309): CodeIgniter\Database\BaseConnection->query('INSERT INTO `peminjaman_buku` (`nama_peminjam`, `kelas_peminjam`, `kelompok_kelas_peminjam`, `buku_dipinjam`, `jumlah_buku_dipinjam`, `tanggal_peminjaman`) VALUES (:nama_peminjam:, :kelas_peminjam:, :kelompok_kelas_peminjam:, :buku_dipinjam:, :jumlah_buku_dipinjam:, :tanggal_peminjaman:)', [...], false)
 5 SYSTEMPATH\Model.php(330): CodeIgniter\Database\BaseBuilder->insert()
 6 SYSTEMPATH\BaseModel.php(782): CodeIgniter\Model->doInsert([...])
 7 SYSTEMPATH\Model.php(730): CodeIgniter\BaseModel->insert([...], true)
 8 APPPATH\Controllers\CPeminjamanBuku.php(98): CodeIgniter\Model->insert([...])
 9 SYSTEMPATH\CodeIgniter.php(934): App\Controllers\CPeminjamanBuku->createPeminjamanBuku()
10 SYSTEMPATH\CodeIgniter.php(499): CodeIgniter\CodeIgniter->runController(Object(App\Controllers\CPeminjamanBuku))
11 SYSTEMPATH\CodeIgniter.php(368): CodeIgniter\CodeIgniter->handleRequest(null, Object(Config\Cache), false)
12 FCPATH\index.php(67): CodeIgniter\CodeIgniter->run()
13 SYSTEMPATH\Commands\Server\rewrite.php(47): require_once('C:\\xampp2\\htdocs\\e_library\\public\\index.php')
INFO - 2023-06-23 16:18:41 --> Session: Class initialized using 'CodeIgniter\Session\Handlers\FileHandler' driver.
INFO - 2023-06-23 16:19:54 --> Session: Class initialized using 'CodeIgniter\Session\Handlers\FileHandler' driver.
INFO - 2023-06-23 16:21:00 --> Session: Class initialized using 'CodeIgniter\Session\Handlers\FileHandler' driver.
INFO - 2023-06-23 16:21:59 --> Session: Class initialized using 'CodeIgniter\Session\Handlers\FileHandler' driver.
INFO - 2023-06-23 16:22:13 --> Session: Class initialized using 'CodeIgniter\Session\Handlers\FileHandler' driver.
INFO - 2023-06-23 16:22:47 --> Session: Class initialized using 'CodeIgniter\Session\Handlers\FileHandler' driver.
INFO - 2023-06-23 16:23:01 --> Session: Class initialized using 'CodeIgniter\Session\Handlers\FileHandler' driver.
INFO - 2023-06-23 16:23:16 --> Session: Class initialized using 'CodeIgniter\Session\Handlers\FileHandler' driver.
INFO - 2023-06-23 16:24:05 --> Session: Class initialized using 'CodeIgniter\Session\Handlers\FileHandler' driver.
INFO - 2023-06-23 16:24:05 --> Session: Class initialized using 'CodeIgniter\Session\Handlers\FileHandler' driver.
INFO - 2023-06-23 16:38:24 --> Session: Class initialized using 'CodeIgniter\Session\Handlers\FileHandler' driver.
CRITICAL - 2023-06-23 16:38:24 --> Cannot access offset of type string on string
in APPPATH\Views\admin\daftar\viewpeminjamanbuku.php on line 203.
 1 SYSTEMPATH\View\View.php(213): include()
 2 SYSTEMPATH\View\View.php(216): CodeIgniter\View\View->CodeIgniter\View\{closure}()
 3 SYSTEMPATH\Common.php(1184): CodeIgniter\View\View->render('admin/daftar/viewpeminjamanbuku', [], true)
 4 APPPATH\Controllers\CPeminjamanBuku.php(55): view('admin/daftar/viewpeminjamanbuku', [...])
 5 SYSTEMPATH\CodeIgniter.php(934): App\Controllers\CPeminjamanBuku->index()
 6 SYSTEMPATH\CodeIgniter.php(499): CodeIgniter\CodeIgniter->runController(Object(App\Controllers\CPeminjamanBuku))
 7 SYSTEMPATH\CodeIgniter.php(368): CodeIgniter\CodeIgniter->handleRequest(null, Object(Config\Cache), false)
 8 FCPATH\index.php(67): CodeIgniter\CodeIgniter->run()
 9 SYSTEMPATH\Commands\Server\rewrite.php(47): require_once('C:\\xampp2\\htdocs\\e_library\\public\\index.php')
INFO - 2023-06-23 16:39:45 --> Session: Class initialized using 'CodeIgniter\Session\Handlers\FileHandler' driver.
CRITICAL - 2023-06-23 16:39:45 --> Cannot access offset of type string on string
in APPPATH\Views\admin\daftar\viewpeminjamanbuku.php on line 207.
 1 SYSTEMPATH\View\View.php(213): include()
 2 SYSTEMPATH\View\View.php(216): CodeIgniter\View\View->CodeIgniter\View\{closure}()
 3 SYSTEMPATH\Common.php(1184): CodeIgniter\View\View->render('admin/daftar/viewpeminjamanbuku', [], true)
 4 APPPATH\Controllers\CPeminjamanBuku.php(55): view('admin/daftar/viewpeminjamanbuku', [...])
 5 SYSTEMPATH\CodeIgniter.php(934): App\Controllers\CPeminjamanBuku->index()
 6 SYSTEMPATH\CodeIgniter.php(499): CodeIgniter\CodeIgniter->runController(Object(App\Controllers\CPeminjamanBuku))
 7 SYSTEMPATH\CodeIgniter.php(368): CodeIgniter\CodeIgniter->handleRequest(null, Object(Config\Cache), false)
 8 FCPATH\index.php(67): CodeIgniter\CodeIgniter->run()
 9 SYSTEMPATH\Commands\Server\rewrite.php(47): require_once('C:\\xampp2\\htdocs\\e_library\\public\\index.php')
INFO - 2023-06-23 16:42:40 --> Session: Class initialized using 'CodeIgniter\Session\Handlers\FileHandler' driver.
CRITICAL - 2023-06-23 16:42:40 --> Cannot access offset of type string on string
in APPPATH\Views\admin\daftar\viewpeminjamanbuku.php on line 202.
 1 SYSTEMPATH\View\View.php(213): include()
 2 SYSTEMPATH\View\View.php(216): CodeIgniter\View\View->CodeIgniter\View\{closure}()
 3 SYSTEMPATH\Common.php(1184): CodeIgniter\View\View->render('admin/daftar/viewpeminjamanbuku', [], true)
 4 APPPATH\Controllers\CPeminjamanBuku.php(55): view('admin/daftar/viewpeminjamanbuku', [...])
 5 SYSTEMPATH\CodeIgniter.php(934): App\Controllers\CPeminjamanBuku->index()
 6 SYSTEMPATH\CodeIgniter.php(499): CodeIgniter\CodeIgniter->runController(Object(App\Controllers\CPeminjamanBuku))
 7 SYSTEMPATH\CodeIgniter.php(368): CodeIgniter\CodeIgniter->handleRequest(null, Object(Config\Cache), false)
 8 FCPATH\index.php(67): CodeIgniter\CodeIgniter->run()
 9 SYSTEMPATH\Commands\Server\rewrite.php(47): require_once('C:\\xampp2\\htdocs\\e_library\\public\\index.php')
INFO - 2023-06-23 16:43:17 --> Session: Class initialized using 'CodeIgniter\Session\Handlers\FileHandler' driver.
INFO - 2023-06-23 16:45:45 --> Session: Class initialized using 'CodeIgniter\Session\Handlers\FileHandler' driver.
INFO - 2023-06-23 16:47:45 --> Session: Class initialized using 'CodeIgniter\Session\Handlers\FileHandler' driver.
INFO - 2023-06-23 16:48:00 --> Session: Class initialized using 'CodeIgniter\Session\Handlers\FileHandler' driver.
INFO - 2023-06-23 16:50:22 --> Session: Class initialized using 'CodeIgniter\Session\Handlers\FileHandler' driver.
INFO - 2023-06-23 16:52:21 --> Session: Class initialized using 'CodeIgniter\Session\Handlers\FileHandler' driver.
INFO - 2023-06-23 16:54:28 --> Session: Class initialized using 'CodeIgniter\Session\Handlers\FileHandler' driver.
INFO - 2023-06-23 16:55:20 --> Session: Class initialized using 'CodeIgniter\Session\Handlers\FileHandler' driver.
CRITICAL - 2023-06-23 16:55:20 --> Undefined array key "tanggal_pinjam"
in APPPATH\Views\admin\daftar\viewpeminjamanbuku.php on line 216.
 1 APPPATH\Views\admin\daftar\viewpeminjamanbuku.php(216): CodeIgniter\Debug\Exceptions->errorHandler(2, 'Undefined array key "tanggal_pinjam"', 'C:\\xampp2\\htdocs\\e_library\\app\\Views\\admin\\daftar\\viewpeminjamanbuku.php', 216)
 2 SYSTEMPATH\View\View.php(213): include('C:\\xampp2\\htdocs\\e_library\\app\\Views\\admin\\daftar\\viewpeminjamanbuku.php')
 3 SYSTEMPATH\View\View.php(216): CodeIgniter\View\View->CodeIgniter\View\{closure}()
 4 SYSTEMPATH\Common.php(1184): CodeIgniter\View\View->render('admin/daftar/viewpeminjamanbuku', [], true)
 5 APPPATH\Controllers\CPeminjamanBuku.php(55): view('admin/daftar/viewpeminjamanbuku', [...])
 6 SYSTEMPATH\CodeIgniter.php(934): App\Controllers\CPeminjamanBuku->index()
 7 SYSTEMPATH\CodeIgniter.php(499): CodeIgniter\CodeIgniter->runController(Object(App\Controllers\CPeminjamanBuku))
 8 SYSTEMPATH\CodeIgniter.php(368): CodeIgniter\CodeIgniter->handleRequest(null, Object(Config\Cache), false)
 9 FCPATH\index.php(67): CodeIgniter\CodeIgniter->run()
10 SYSTEMPATH\Commands\Server\rewrite.php(47): require_once('C:\\xampp2\\htdocs\\e_library\\public\\index.php')
INFO - 2023-06-23 16:55:31 --> Session: Class initialized using 'CodeIgniter\Session\Handlers\FileHandler' driver.
CRITICAL - 2023-06-23 16:55:31 --> Undefined array key "tanggal_pinjam"
in APPPATH\Views\admin\daftar\viewpeminjamanbuku.php on line 211.
 1 APPPATH\Views\admin\daftar\viewpeminjamanbuku.php(211): CodeIgniter\Debug\Exceptions->errorHandler(2, 'Undefined array key "tanggal_pinjam"', 'C:\\xampp2\\htdocs\\e_library\\app\\Views\\admin\\daftar\\viewpeminjamanbuku.php', 211)
 2 SYSTEMPATH\View\View.php(213): include('C:\\xampp2\\htdocs\\e_library\\app\\Views\\admin\\daftar\\viewpeminjamanbuku.php')
 3 SYSTEMPATH\View\View.php(216): CodeIgniter\View\View->CodeIgniter\View\{closure}()
 4 SYSTEMPATH\Common.php(1184): CodeIgniter\View\View->render('admin/daftar/viewpeminjamanbuku', [], true)
 5 APPPATH\Controllers\CPeminjamanBuku.php(55): view('admin/daftar/viewpeminjamanbuku', [...])
 6 SYSTEMPATH\CodeIgniter.php(934): App\Controllers\CPeminjamanBuku->index()
 7 SYSTEMPATH\CodeIgniter.php(499): CodeIgniter\CodeIgniter->runController(Object(App\Controllers\CPeminjamanBuku))
 8 SYSTEMPATH\CodeIgniter.php(368): CodeIgniter\CodeIgniter->handleRequest(null, Object(Config\Cache), false)
 9 FCPATH\index.php(67): CodeIgniter\CodeIgniter->run()
10 SYSTEMPATH\Commands\Server\rewrite.php(47): require_once('C:\\xampp2\\htdocs\\e_library\\public\\index.php')
INFO - 2023-06-23 16:55:43 --> Session: Class initialized using 'CodeIgniter\Session\Handlers\FileHandler' driver.
CRITICAL - 2023-06-23 16:55:43 --> Undefined array key "tanggal_dipinjam"
in APPPATH\Views\admin\daftar\viewpeminjamanbuku.php on line 211.
 1 APPPATH\Views\admin\daftar\viewpeminjamanbuku.php(211): CodeIgniter\Debug\Exceptions->errorHandler(2, 'Undefined array key "tanggal_dipinjam"', 'C:\\xampp2\\htdocs\\e_library\\app\\Views\\admin\\daftar\\viewpeminjamanbuku.php', 211)
 2 SYSTEMPATH\View\View.php(213): include('C:\\xampp2\\htdocs\\e_library\\app\\Views\\admin\\daftar\\viewpeminjamanbuku.php')
 3 SYSTEMPATH\View\View.php(216): CodeIgniter\View\View->CodeIgniter\View\{closure}()
 4 SYSTEMPATH\Common.php(1184): CodeIgniter\View\View->render('admin/daftar/viewpeminjamanbuku', [], true)
 5 APPPATH\Controllers\CPeminjamanBuku.php(55): view('admin/daftar/viewpeminjamanbuku', [...])
 6 SYSTEMPATH\CodeIgniter.php(934): App\Controllers\CPeminjamanBuku->index()
 7 SYSTEMPATH\CodeIgniter.php(499): CodeIgniter\CodeIgniter->runController(Object(App\Controllers\CPeminjamanBuku))
 8 SYSTEMPATH\CodeIgniter.php(368): CodeIgniter\CodeIgniter->handleRequest(null, Object(Config\Cache), false)
 9 FCPATH\index.php(67): CodeIgniter\CodeIgniter->run()
10 SYSTEMPATH\Commands\Server\rewrite.php(47): require_once('C:\\xampp2\\htdocs\\e_library\\public\\index.php')
INFO - 2023-06-23 16:55:57 --> Session: Class initialized using 'CodeIgniter\Session\Handlers\FileHandler' driver.
INFO - 2023-06-23 16:57:14 --> Session: Class initialized using 'CodeIgniter\Session\Handlers\FileHandler' driver.
INFO - 2023-06-23 16:59:28 --> Session: Class initialized using 'CodeIgniter\Session\Handlers\FileHandler' driver.
INFO - 2023-06-23 17:00:52 --> Session: Class initialized using 'CodeIgniter\Session\Handlers\FileHandler' driver.
INFO - 2023-06-23 17:01:56 --> Session: Class initialized using 'CodeIgniter\Session\Handlers\FileHandler' driver.
CRITICAL - 2023-06-23 17:01:56 --> Undefined variable $daftar_nama_peminjam
in APPPATH\Views\admin\daftar\viewpeminjamanbuku.php on line 194.
 1 APPPATH\Views\admin\daftar\viewpeminjamanbuku.php(194): CodeIgniter\Debug\Exceptions->errorHandler(2, 'Undefined variable $daftar_nama_peminjam', 'C:\\xampp2\\htdocs\\e_library\\app\\Views\\admin\\daftar\\viewpeminjamanbuku.php', 194)
 2 SYSTEMPATH\View\View.php(213): include('C:\\xampp2\\htdocs\\e_library\\app\\Views\\admin\\daftar\\viewpeminjamanbuku.php')
 3 SYSTEMPATH\View\View.php(216): CodeIgniter\View\View->CodeIgniter\View\{closure}()
 4 SYSTEMPATH\Common.php(1184): CodeIgniter\View\View->render('admin/daftar/viewpeminjamanbuku', [], true)
 5 APPPATH\Controllers\CPeminjamanBuku.php(55): view('admin/daftar/viewpeminjamanbuku', [...])
 6 SYSTEMPATH\CodeIgniter.php(934): App\Controllers\CPeminjamanBuku->index()
 7 SYSTEMPATH\CodeIgniter.php(499): CodeIgniter\CodeIgniter->runController(Object(App\Controllers\CPeminjamanBuku))
 8 SYSTEMPATH\CodeIgniter.php(368): CodeIgniter\CodeIgniter->handleRequest(null, Object(Config\Cache), false)
 9 FCPATH\index.php(67): CodeIgniter\CodeIgniter->run()
10 SYSTEMPATH\Commands\Server\rewrite.php(47): require_once('C:\\xampp2\\htdocs\\e_library\\public\\index.php')
INFO - 2023-06-23 17:03:10 --> Session: Class initialized using 'CodeIgniter\Session\Handlers\FileHandler' driver.
INFO - 2023-06-23 17:07:05 --> Session: Class initialized using 'CodeIgniter\Session\Handlers\FileHandler' driver.
CRITICAL - 2023-06-23 17:07:05 --> Undefined array key "kelas"
in APPPATH\Views\admin\daftar\viewpeminjamanbuku.php on line 197.
 1 APPPATH\Views\admin\daftar\viewpeminjamanbuku.php(197): CodeIgniter\Debug\Exceptions->errorHandler(2, 'Undefined array key "kelas"', 'C:\\xampp2\\htdocs\\e_library\\app\\Views\\admin\\daftar\\viewpeminjamanbuku.php', 197)
 2 SYSTEMPATH\View\View.php(213): include('C:\\xampp2\\htdocs\\e_library\\app\\Views\\admin\\daftar\\viewpeminjamanbuku.php')
 3 SYSTEMPATH\View\View.php(216): CodeIgniter\View\View->CodeIgniter\View\{closure}()
 4 SYSTEMPATH\Common.php(1184): CodeIgniter\View\View->render('admin/daftar/viewpeminjamanbuku', [], true)
 5 APPPATH\Controllers\CPeminjamanBuku.php(55): view('admin/daftar/viewpeminjamanbuku', [...])
 6 SYSTEMPATH\CodeIgniter.php(934): App\Controllers\CPeminjamanBuku->index()
 7 SYSTEMPATH\CodeIgniter.php(499): CodeIgniter\CodeIgniter->runController(Object(App\Controllers\CPeminjamanBuku))
 8 SYSTEMPATH\CodeIgniter.php(368): CodeIgniter\CodeIgniter->handleRequest(null, Object(Config\Cache), false)
 9 FCPATH\index.php(67): CodeIgniter\CodeIgniter->run()
10 SYSTEMPATH\Commands\Server\rewrite.php(47): require_once('C:\\xampp2\\htdocs\\e_library\\public\\index.php')
INFO - 2023-06-23 17:07:30 --> Session: Class initialized using 'CodeIgniter\Session\Handlers\FileHandler' driver.
CRITICAL - 2023-06-23 17:07:30 --> Undefined array key "kelas"
in APPPATH\Views\admin\daftar\viewpeminjamanbuku.php on line 197.
 1 APPPATH\Views\admin\daftar\viewpeminjamanbuku.php(197): CodeIgniter\Debug\Exceptions->errorHandler(2, 'Undefined array key "kelas"', 'C:\\xampp2\\htdocs\\e_library\\app\\Views\\admin\\daftar\\viewpeminjamanbuku.php', 197)
 2 SYSTEMPATH\View\View.php(213): include('C:\\xampp2\\htdocs\\e_library\\app\\Views\\admin\\daftar\\viewpeminjamanbuku.php')
 3 SYSTEMPATH\View\View.php(216): CodeIgniter\View\View->CodeIgniter\View\{closure}()
 4 SYSTEMPATH\Common.php(1184): CodeIgniter\View\View->render('admin/daftar/viewpeminjamanbuku', [], true)
 5 APPPATH\Controllers\CPeminjamanBuku.php(55): view('admin/daftar/viewpeminjamanbuku', [...])
 6 SYSTEMPATH\CodeIgniter.php(934): App\Controllers\CPeminjamanBuku->index()
 7 SYSTEMPATH\CodeIgniter.php(499): CodeIgniter\CodeIgniter->runController(Object(App\Controllers\CPeminjamanBuku))
 8 SYSTEMPATH\CodeIgniter.php(368): CodeIgniter\CodeIgniter->handleRequest(null, Object(Config\Cache), false)
 9 FCPATH\index.php(67): CodeIgniter\CodeIgniter->run()
10 SYSTEMPATH\Commands\Server\rewrite.php(47): require_once('C:\\xampp2\\htdocs\\e_library\\public\\index.php')
INFO - 2023-06-23 17:08:02 --> Session: Class initialized using 'CodeIgniter\Session\Handlers\FileHandler' driver.
CRITICAL - 2023-06-23 17:08:02 --> Undefined variable $selectedKelas
in APPPATH\Views\admin\daftar\viewpeminjamanbuku.php on line 197.
 1 APPPATH\Views\admin\daftar\viewpeminjamanbuku.php(197): CodeIgniter\Debug\Exceptions->errorHandler(2, 'Undefined variable $selectedKelas', 'C:\\xampp2\\htdocs\\e_library\\app\\Views\\admin\\daftar\\viewpeminjamanbuku.php', 197)
 2 SYSTEMPATH\View\View.php(213): include('C:\\xampp2\\htdocs\\e_library\\app\\Views\\admin\\daftar\\viewpeminjamanbuku.php')
 3 SYSTEMPATH\View\View.php(216): CodeIgniter\View\View->CodeIgniter\View\{closure}()
 4 SYSTEMPATH\Common.php(1184): CodeIgniter\View\View->render('admin/daftar/viewpeminjamanbuku', [], true)
 5 APPPATH\Controllers\CPeminjamanBuku.php(55): view('admin/daftar/viewpeminjamanbuku', [...])
 6 SYSTEMPATH\CodeIgniter.php(934): App\Controllers\CPeminjamanBuku->index()
 7 SYSTEMPATH\CodeIgniter.php(499): CodeIgniter\CodeIgniter->runController(Object(App\Controllers\CPeminjamanBuku))
 8 SYSTEMPATH\CodeIgniter.php(368): CodeIgniter\CodeIgniter->handleRequest(null, Object(Config\Cache), false)
 9 FCPATH\index.php(67): CodeIgniter\CodeIgniter->run()
10 SYSTEMPATH\Commands\Server\rewrite.php(47): require_once('C:\\xampp2\\htdocs\\e_library\\public\\index.php')
INFO - 2023-06-23 17:09:22 --> Session: Class initialized using 'CodeIgniter\Session\Handlers\FileHandler' driver.
INFO - 2023-06-23 17:09:46 --> Session: Class initialized using 'CodeIgniter\Session\Handlers\FileHandler' driver.
CRITICAL - 2023-06-23 17:09:46 --> Undefined variable $selectedKelompokKelas
in APPPATH\Views\admin\daftar\viewpeminjamanbuku.php on line 197.
 1 APPPATH\Views\admin\daftar\viewpeminjamanbuku.php(197): CodeIgniter\Debug\Exceptions->errorHandler(2, 'Undefined variable $selectedKelompokKelas', 'C:\\xampp2\\htdocs\\e_library\\app\\Views\\admin\\daftar\\viewpeminjamanbuku.php', 197)
 2 SYSTEMPATH\View\View.php(213): include('C:\\xampp2\\htdocs\\e_library\\app\\Views\\admin\\daftar\\viewpeminjamanbuku.php')
 3 SYSTEMPATH\View\View.php(216): CodeIgniter\View\View->CodeIgniter\View\{closure}()
 4 SYSTEMPATH\Common.php(1184): CodeIgniter\View\View->render('admin/daftar/viewpeminjamanbuku', [], true)
 5 APPPATH\Controllers\CPeminjamanBuku.php(55): view('admin/daftar/viewpeminjamanbuku', [...])
 6 SYSTEMPATH\CodeIgniter.php(934): App\Controllers\CPeminjamanBuku->index()
 7 SYSTEMPATH\CodeIgniter.php(499): CodeIgniter\CodeIgniter->runController(Object(App\Controllers\CPeminjamanBuku))
 8 SYSTEMPATH\CodeIgniter.php(368): CodeIgniter\CodeIgniter->handleRequest(null, Object(Config\Cache), false)
 9 FCPATH\index.php(67): CodeIgniter\CodeIgniter->run()
10 SYSTEMPATH\Commands\Server\rewrite.php(47): require_once('C:\\xampp2\\htdocs\\e_library\\public\\index.php')
INFO - 2023-06-23 17:10:15 --> Session: Class initialized using 'CodeIgniter\Session\Handlers\FileHandler' driver.
INFO - 2023-06-23 17:11:19 --> Session: Class initialized using 'CodeIgniter\Session\Handlers\FileHandler' driver.
INFO - 2023-06-23 17:11:46 --> Session: Class initialized using 'CodeIgniter\Session\Handlers\FileHandler' driver.
INFO - 2023-06-23 17:12:45 --> Session: Class initialized using 'CodeIgniter\Session\Handlers\FileHandler' driver.
INFO - 2023-06-23 17:12:56 --> Session: Class initialized using 'CodeIgniter\Session\Handlers\FileHandler' driver.
CRITICAL - 2023-06-23 17:12:56 --> Undefined variable $daftar_nama_peminjam
in APPPATH\Views\admin\daftar\viewpeminjamanbuku.php on line 194.
 1 APPPATH\Views\admin\daftar\viewpeminjamanbuku.php(194): CodeIgniter\Debug\Exceptions->errorHandler(2, 'Undefined variable $daftar_nama_peminjam', 'C:\\xampp2\\htdocs\\e_library\\app\\Views\\admin\\daftar\\viewpeminjamanbuku.php', 194)
 2 SYSTEMPATH\View\View.php(213): include('C:\\xampp2\\htdocs\\e_library\\app\\Views\\admin\\daftar\\viewpeminjamanbuku.php')
 3 SYSTEMPATH\View\View.php(216): CodeIgniter\View\View->CodeIgniter\View\{closure}()
 4 SYSTEMPATH\Common.php(1184): CodeIgniter\View\View->render('admin/daftar/viewpeminjamanbuku', [], true)
 5 APPPATH\Controllers\CPeminjamanBuku.php(55): view('admin/daftar/viewpeminjamanbuku', [...])
 6 SYSTEMPATH\CodeIgniter.php(934): App\Controllers\CPeminjamanBuku->index()
 7 SYSTEMPATH\CodeIgniter.php(499): CodeIgniter\CodeIgniter->runController(Object(App\Controllers\CPeminjamanBuku))
 8 SYSTEMPATH\CodeIgniter.php(368): CodeIgniter\CodeIgniter->handleRequest(null, Object(Config\Cache), false)
 9 FCPATH\index.php(67): CodeIgniter\CodeIgniter->run()
10 SYSTEMPATH\Commands\Server\rewrite.php(47): require_once('C:\\xampp2\\htdocs\\e_library\\public\\index.php')
INFO - 2023-06-23 17:13:07 --> Session: Class initialized using 'CodeIgniter\Session\Handlers\FileHandler' driver.
INFO - 2023-06-23 17:14:40 --> Session: Class initialized using 'CodeIgniter\Session\Handlers\FileHandler' driver.
CRITICAL - 2023-06-23 17:14:40 --> Undefined variable $selectedKelas
in APPPATH\Views\admin\daftar\viewpeminjamanbuku.php on line 197.
 1 APPPATH\Views\admin\daftar\viewpeminjamanbuku.php(197): CodeIgniter\Debug\Exceptions->errorHandler(2, 'Undefined variable $selectedKelas', 'C:\\xampp2\\htdocs\\e_library\\app\\Views\\admin\\daftar\\viewpeminjamanbuku.php', 197)
 2 SYSTEMPATH\View\View.php(213): include('C:\\xampp2\\htdocs\\e_library\\app\\Views\\admin\\daftar\\viewpeminjamanbuku.php')
 3 SYSTEMPATH\View\View.php(216): CodeIgniter\View\View->CodeIgniter\View\{closure}()
 4 SYSTEMPATH\Common.php(1184): CodeIgniter\View\View->render('admin/daftar/viewpeminjamanbuku', [], true)
 5 APPPATH\Controllers\CPeminjamanBuku.php(55): view('admin/daftar/viewpeminjamanbuku', [...])
 6 SYSTEMPATH\CodeIgniter.php(934): App\Controllers\CPeminjamanBuku->index()
 7 SYSTEMPATH\CodeIgniter.php(499): CodeIgniter\CodeIgniter->runController(Object(App\Controllers\CPeminjamanBuku))
 8 SYSTEMPATH\CodeIgniter.php(368): CodeIgniter\CodeIgniter->handleRequest(null, Object(Config\Cache), false)
 9 FCPATH\index.php(67): CodeIgniter\CodeIgniter->run()
10 SYSTEMPATH\Commands\Server\rewrite.php(47): require_once('C:\\xampp2\\htdocs\\e_library\\public\\index.php')
INFO - 2023-06-23 17:15:07 --> Session: Class initialized using 'CodeIgniter\Session\Handlers\FileHandler' driver.
INFO - 2023-06-23 17:15:51 --> Session: Class initialized using 'CodeIgniter\Session\Handlers\FileHandler' driver.
INFO - 2023-06-23 17:19:26 --> Session: Class initialized using 'CodeIgniter\Session\Handlers\FileHandler' driver.
INFO - 2023-06-23 17:20:04 --> Session: Class initialized using 'CodeIgniter\Session\Handlers\FileHandler' driver.
CRITICAL - 2023-06-23 17:20:04 --> Undefined variable $editSelectedKelas
in APPPATH\Views\admin\daftar\viewpeminjamanbuku.php on line 382.
 1 APPPATH\Views\admin\daftar\viewpeminjamanbuku.php(382): CodeIgniter\Debug\Exceptions->errorHandler(2, 'Undefined variable $editSelectedKelas', 'C:\\xampp2\\htdocs\\e_library\\app\\Views\\admin\\daftar\\viewpeminjamanbuku.php', 382)
 2 SYSTEMPATH\View\View.php(213): include('C:\\xampp2\\htdocs\\e_library\\app\\Views\\admin\\daftar\\viewpeminjamanbuku.php')
 3 SYSTEMPATH\View\View.php(216): CodeIgniter\View\View->CodeIgniter\View\{closure}()
 4 SYSTEMPATH\Common.php(1184): CodeIgniter\View\View->render('admin/daftar/viewpeminjamanbuku', [], true)
 5 APPPATH\Controllers\CPeminjamanBuku.php(55): view('admin/daftar/viewpeminjamanbuku', [...])
 6 SYSTEMPATH\CodeIgniter.php(934): App\Controllers\CPeminjamanBuku->index()
 7 SYSTEMPATH\CodeIgniter.php(499): CodeIgniter\CodeIgniter->runController(Object(App\Controllers\CPeminjamanBuku))
 8 SYSTEMPATH\CodeIgniter.php(368): CodeIgniter\CodeIgniter->handleRequest(null, Object(Config\Cache), false)
 9 FCPATH\index.php(67): CodeIgniter\CodeIgniter->run()
10 SYSTEMPATH\Commands\Server\rewrite.php(47): require_once('C:\\xampp2\\htdocs\\e_library\\public\\index.php')
INFO - 2023-06-23 17:20:50 --> Session: Class initialized using 'CodeIgniter\Session\Handlers\FileHandler' driver.
CRITICAL - 2023-06-23 17:20:51 --> Undefined variable $editSelectedKelas
in APPPATH\Views\admin\daftar\viewpeminjamanbuku.php on line 382.
 1 APPPATH\Views\admin\daftar\viewpeminjamanbuku.php(382): CodeIgniter\Debug\Exceptions->errorHandler(2, 'Undefined variable $editSelectedKelas', 'C:\\xampp2\\htdocs\\e_library\\app\\Views\\admin\\daftar\\viewpeminjamanbuku.php', 382)
 2 SYSTEMPATH\View\View.php(213): include('C:\\xampp2\\htdocs\\e_library\\app\\Views\\admin\\daftar\\viewpeminjamanbuku.php')
 3 SYSTEMPATH\View\View.php(216): CodeIgniter\View\View->CodeIgniter\View\{closure}()
 4 SYSTEMPATH\Common.php(1184): CodeIgniter\View\View->render('admin/daftar/viewpeminjamanbuku', [], true)
 5 APPPATH\Controllers\CPeminjamanBuku.php(55): view('admin/daftar/viewpeminjamanbuku', [...])
 6 SYSTEMPATH\CodeIgniter.php(934): App\Controllers\CPeminjamanBuku->index()
 7 SYSTEMPATH\CodeIgniter.php(499): CodeIgniter\CodeIgniter->runController(Object(App\Controllers\CPeminjamanBuku))
 8 SYSTEMPATH\CodeIgniter.php(368): CodeIgniter\CodeIgniter->handleRequest(null, Object(Config\Cache), false)
 9 FCPATH\index.php(67): CodeIgniter\CodeIgniter->run()
10 SYSTEMPATH\Commands\Server\rewrite.php(47): require_once('C:\\xampp2\\htdocs\\e_library\\public\\index.php')
INFO - 2023-06-23 17:21:47 --> Session: Class initialized using 'CodeIgniter\Session\Handlers\FileHandler' driver.
CRITICAL - 2023-06-23 17:21:47 --> Undefined variable $editSelectedKelas
in APPPATH\Views\admin\daftar\viewpeminjamanbuku.php on line 382.
 1 APPPATH\Views\admin\daftar\viewpeminjamanbuku.php(382): CodeIgniter\Debug\Exceptions->errorHandler(2, 'Undefined variable $editSelectedKelas', 'C:\\xampp2\\htdocs\\e_library\\app\\Views\\admin\\daftar\\viewpeminjamanbuku.php', 382)
 2 SYSTEMPATH\View\View.php(213): include('C:\\xampp2\\htdocs\\e_library\\app\\Views\\admin\\daftar\\viewpeminjamanbuku.php')
 3 SYSTEMPATH\View\View.php(216): CodeIgniter\View\View->CodeIgniter\View\{closure}()
 4 SYSTEMPATH\Common.php(1184): CodeIgniter\View\View->render('admin/daftar/viewpeminjamanbuku', [], true)
 5 APPPATH\Controllers\CPeminjamanBuku.php(55): view('admin/daftar/viewpeminjamanbuku', [...])
 6 SYSTEMPATH\CodeIgniter.php(934): App\Controllers\CPeminjamanBuku->index()
 7 SYSTEMPATH\CodeIgniter.php(499): CodeIgniter\CodeIgniter->runController(Object(App\Controllers\CPeminjamanBuku))
 8 SYSTEMPATH\CodeIgniter.php(368): CodeIgniter\CodeIgniter->handleRequest(null, Object(Config\Cache), false)
 9 FCPATH\index.php(67): CodeIgniter\CodeIgniter->run()
10 SYSTEMPATH\Commands\Server\rewrite.php(47): require_once('C:\\xampp2\\htdocs\\e_library\\public\\index.php')
INFO - 2023-06-23 17:22:12 --> Session: Class initialized using 'CodeIgniter\Session\Handlers\FileHandler' driver.
CRITICAL - 2023-06-23 17:22:12 --> Undefined variable $editSelectedKelas
in APPPATH\Views\admin\daftar\viewpeminjamanbuku.php on line 382.
 1 APPPATH\Views\admin\daftar\viewpeminjamanbuku.php(382): CodeIgniter\Debug\Exceptions->errorHandler(2, 'Undefined variable $editSelectedKelas', 'C:\\xampp2\\htdocs\\e_library\\app\\Views\\admin\\daftar\\viewpeminjamanbuku.php', 382)
 2 SYSTEMPATH\View\View.php(213): include('C:\\xampp2\\htdocs\\e_library\\app\\Views\\admin\\daftar\\viewpeminjamanbuku.php')
 3 SYSTEMPATH\View\View.php(216): CodeIgniter\View\View->CodeIgniter\View\{closure}()
 4 SYSTEMPATH\Common.php(1184): CodeIgniter\View\View->render('admin/daftar/viewpeminjamanbuku', [], true)
 5 APPPATH\Controllers\CPeminjamanBuku.php(55): view('admin/daftar/viewpeminjamanbuku', [...])
 6 SYSTEMPATH\CodeIgniter.php(934): App\Controllers\CPeminjamanBuku->index()
 7 SYSTEMPATH\CodeIgniter.php(499): CodeIgniter\CodeIgniter->runController(Object(App\Controllers\CPeminjamanBuku))
 8 SYSTEMPATH\CodeIgniter.php(368): CodeIgniter\CodeIgniter->handleRequest(null, Object(Config\Cache), false)
 9 FCPATH\index.php(67): CodeIgniter\CodeIgniter->run()
10 SYSTEMPATH\Commands\Server\rewrite.php(47): require_once('C:\\xampp2\\htdocs\\e_library\\public\\index.php')
INFO - 2023-06-23 17:24:29 --> Session: Class initialized using 'CodeIgniter\Session\Handlers\FileHandler' driver.
CRITICAL - 2023-06-23 17:24:30 --> Undefined array key "kelas_peminjam"
in APPPATH\Views\admin\daftar\viewpeminjamanbuku.php on line 382.
 1 APPPATH\Views\admin\daftar\viewpeminjamanbuku.php(382): CodeIgniter\Debug\Exceptions->errorHandler(2, 'Undefined array key "kelas_peminjam"', 'C:\\xampp2\\htdocs\\e_library\\app\\Views\\admin\\daftar\\viewpeminjamanbuku.php', 382)
 2 SYSTEMPATH\View\View.php(213): include('C:\\xampp2\\htdocs\\e_library\\app\\Views\\admin\\daftar\\viewpeminjamanbuku.php')
 3 SYSTEMPATH\View\View.php(216): CodeIgniter\View\View->CodeIgniter\View\{closure}()
 4 SYSTEMPATH\Common.php(1184): CodeIgniter\View\View->render('admin/daftar/viewpeminjamanbuku', [], true)
 5 APPPATH\Controllers\CPeminjamanBuku.php(55): view('admin/daftar/viewpeminjamanbuku', [...])
 6 SYSTEMPATH\CodeIgniter.php(934): App\Controllers\CPeminjamanBuku->index()
 7 SYSTEMPATH\CodeIgniter.php(499): CodeIgniter\CodeIgniter->runController(Object(App\Controllers\CPeminjamanBuku))
 8 SYSTEMPATH\CodeIgniter.php(368): CodeIgniter\CodeIgniter->handleRequest(null, Object(Config\Cache), false)
 9 FCPATH\index.php(67): CodeIgniter\CodeIgniter->run()
10 SYSTEMPATH\Commands\Server\rewrite.php(47): require_once('C:\\xampp2\\htdocs\\e_library\\public\\index.php')
INFO - 2023-06-23 17:25:32 --> Session: Class initialized using 'CodeIgniter\Session\Handlers\FileHandler' driver.
CRITICAL - 2023-06-23 17:25:32 --> Trying to access array offset on value of type int
in APPPATH\Views\admin\daftar\viewpeminjamanbuku.php on line 386.
 1 APPPATH\Views\admin\daftar\viewpeminjamanbuku.php(386): CodeIgniter\Debug\Exceptions->errorHandler(2, 'Trying to access array offset on value of type int', 'C:\\xampp2\\htdocs\\e_library\\app\\Views\\admin\\daftar\\viewpeminjamanbuku.php', 386)
 2 SYSTEMPATH\View\View.php(213): include('C:\\xampp2\\htdocs\\e_library\\app\\Views\\admin\\daftar\\viewpeminjamanbuku.php')
 3 SYSTEMPATH\View\View.php(216): CodeIgniter\View\View->CodeIgniter\View\{closure}()
 4 SYSTEMPATH\Common.php(1184): CodeIgniter\View\View->render('admin/daftar/viewpeminjamanbuku', [], true)
 5 APPPATH\Controllers\CPeminjamanBuku.php(55): view('admin/daftar/viewpeminjamanbuku', [...])
 6 SYSTEMPATH\CodeIgniter.php(934): App\Controllers\CPeminjamanBuku->index()
 7 SYSTEMPATH\CodeIgniter.php(499): CodeIgniter\CodeIgniter->runController(Object(App\Controllers\CPeminjamanBuku))
 8 SYSTEMPATH\CodeIgniter.php(368): CodeIgniter\CodeIgniter->handleRequest(null, Object(Config\Cache), false)
 9 FCPATH\index.php(67): CodeIgniter\CodeIgniter->run()
10 SYSTEMPATH\Commands\Server\rewrite.php(47): require_once('C:\\xampp2\\htdocs\\e_library\\public\\index.php')
INFO - 2023-06-23 17:25:46 --> Session: Class initialized using 'CodeIgniter\Session\Handlers\FileHandler' driver.
INFO - 2023-06-23 17:25:52 --> Session: Class initialized using 'CodeIgniter\Session\Handlers\FileHandler' driver.
INFO - 2023-06-23 17:27:10 --> Session: Class initialized using 'CodeIgniter\Session\Handlers\FileHandler' driver.
