CRITICAL - 2023-06-12 00:43:39 --> Invalid file: "templates/top-bar.php"
in SYSTEMPATH\Exceptions\FrameworkException.php on line 33.
 1 SYSTEMPATH\View\View.php(201): CodeIgniter\Exceptions\FrameworkException::forInvalidFile('templates/top-bar.php')
 2 SYSTEMPATH\Common.php(1184): CodeIgniter\View\View->render('templates/top-bar', [], true)
 3 APPPATH\Controllers\Admin.php(15): view('templates/top-bar')
 4 SYSTEMPATH\CodeIgniter.php(934): App\Controllers\Admin->index()
 5 SYSTEMPATH\CodeIgniter.php(499): CodeIgniter\CodeIgniter->runController(Object(App\Controllers\Admin))
 6 SYSTEMPATH\CodeIgniter.php(368): CodeIgniter\CodeIgniter->handleRequest(null, Object(Config\Cache), false)
 7 FCPATH\index.php(67): CodeIgniter\CodeIgniter->run()
 8 SYSTEMPATH\Commands\Server\rewrite.php(47): require_once('C:\\xampp2\\htdocs\\e_library\\public\\index.php')
CRITICAL - 2023-06-12 00:43:54 --> include(sidebar.php): Failed to open stream: No such file or directory
in APPPATH\Views\admin\admin.php on line 3.
 1 APPPATH\Views\admin\admin.php(3): CodeIgniter\Debug\Exceptions->errorHandler(2, 'include(sidebar.php): Failed to open stream: No such file or directory', 'C:\\xampp2\\htdocs\\e_library\\app\\Views\\admin\\admin.php', 3)
 2 APPPATH\Views\admin\admin.php(3): include()
 3 SYSTEMPATH\View\View.php(213): include('C:\\xampp2\\htdocs\\e_library\\app\\Views\\admin\\admin.php')
 4 SYSTEMPATH\View\View.php(216): CodeIgniter\View\View->CodeIgniter\View\{closure}()
 5 SYSTEMPATH\Common.php(1184): CodeIgniter\View\View->render('admin/admin', [], true)
 6 APPPATH\Controllers\Admin.php(12): view('admin/admin', [...])
 7 SYSTEMPATH\CodeIgniter.php(934): App\Controllers\Admin->index()
 8 SYSTEMPATH\CodeIgniter.php(499): CodeIgniter\CodeIgniter->runController(Object(App\Controllers\Admin))
 9 SYSTEMPATH\CodeIgniter.php(368): CodeIgniter\CodeIgniter->handleRequest(null, Object(Config\Cache), false)
10 FCPATH\index.php(67): CodeIgniter\CodeIgniter->run()
11 SYSTEMPATH\Commands\Server\rewrite.php(47): require_once('C:\\xampp2\\htdocs\\e_library\\public\\index.php')
CRITICAL - 2023-06-12 00:45:04 --> include(templates/sidebar.php): Failed to open stream: No such file or directory
in APPPATH\Views\admin\admin.php on line 3.
 1 APPPATH\Views\admin\admin.php(3): CodeIgniter\Debug\Exceptions->errorHandler(2, 'include(templates/sidebar.php): Failed to open stream: No such file or directory', 'C:\\xampp2\\htdocs\\e_library\\app\\Views\\admin\\admin.php', 3)
 2 APPPATH\Views\admin\admin.php(3): include()
 3 SYSTEMPATH\View\View.php(213): include('C:\\xampp2\\htdocs\\e_library\\app\\Views\\admin\\admin.php')
 4 SYSTEMPATH\View\View.php(216): CodeIgniter\View\View->CodeIgniter\View\{closure}()
 5 SYSTEMPATH\Common.php(1184): CodeIgniter\View\View->render('admin/admin', [], true)
 6 APPPATH\Controllers\Admin.php(12): view('admin/admin', [...])
 7 SYSTEMPATH\CodeIgniter.php(934): App\Controllers\Admin->index()
 8 SYSTEMPATH\CodeIgniter.php(499): CodeIgniter\CodeIgniter->runController(Object(App\Controllers\Admin))
 9 SYSTEMPATH\CodeIgniter.php(368): CodeIgniter\CodeIgniter->handleRequest(null, Object(Config\Cache), false)
10 FCPATH\index.php(67): CodeIgniter\CodeIgniter->run()
11 SYSTEMPATH\Commands\Server\rewrite.php(47): require_once('C:\\xampp2\\htdocs\\e_library\\public\\index.php')
CRITICAL - 2023-06-12 00:45:32 --> include(templates/sidebar.php): Failed to open stream: No such file or directory
in APPPATH\Views\admin\admin.php on line 3.
 1 APPPATH\Views\admin\admin.php(3): CodeIgniter\Debug\Exceptions->errorHandler(2, 'include(templates/sidebar.php): Failed to open stream: No such file or directory', 'C:\\xampp2\\htdocs\\e_library\\app\\Views\\admin\\admin.php', 3)
 2 APPPATH\Views\admin\admin.php(3): include()
 3 SYSTEMPATH\View\View.php(213): include('C:\\xampp2\\htdocs\\e_library\\app\\Views\\admin\\admin.php')
 4 SYSTEMPATH\View\View.php(216): CodeIgniter\View\View->CodeIgniter\View\{closure}()
 5 SYSTEMPATH\Common.php(1184): CodeIgniter\View\View->render('admin/admin', [], true)
 6 APPPATH\Controllers\Admin.php(12): view('admin/admin', [...])
 7 SYSTEMPATH\CodeIgniter.php(934): App\Controllers\Admin->index()
 8 SYSTEMPATH\CodeIgniter.php(499): CodeIgniter\CodeIgniter->runController(Object(App\Controllers\Admin))
 9 SYSTEMPATH\CodeIgniter.php(368): CodeIgniter\CodeIgniter->handleRequest(null, Object(Config\Cache), false)
10 FCPATH\index.php(67): CodeIgniter\CodeIgniter->run()
11 SYSTEMPATH\Commands\Server\rewrite.php(47): require_once('C:\\xampp2\\htdocs\\e_library\\public\\index.php')
CRITICAL - 2023-06-12 00:45:40 --> include(../templates/sidebar.php): Failed to open stream: No such file or directory
in APPPATH\Views\admin\admin.php on line 3.
 1 APPPATH\Views\admin\admin.php(3): CodeIgniter\Debug\Exceptions->errorHandler(2, 'include(../templates/sidebar.php): Failed to open stream: No such file or directory', 'C:\\xampp2\\htdocs\\e_library\\app\\Views\\admin\\admin.php', 3)
 2 APPPATH\Views\admin\admin.php(3): include()
 3 SYSTEMPATH\View\View.php(213): include('C:\\xampp2\\htdocs\\e_library\\app\\Views\\admin\\admin.php')
 4 SYSTEMPATH\View\View.php(216): CodeIgniter\View\View->CodeIgniter\View\{closure}()
 5 SYSTEMPATH\Common.php(1184): CodeIgniter\View\View->render('admin/admin', [], true)
 6 APPPATH\Controllers\Admin.php(12): view('admin/admin', [...])
 7 SYSTEMPATH\CodeIgniter.php(934): App\Controllers\Admin->index()
 8 SYSTEMPATH\CodeIgniter.php(499): CodeIgniter\CodeIgniter->runController(Object(App\Controllers\Admin))
 9 SYSTEMPATH\CodeIgniter.php(368): CodeIgniter\CodeIgniter->handleRequest(null, Object(Config\Cache), false)
10 FCPATH\index.php(67): CodeIgniter\CodeIgniter->run()
11 SYSTEMPATH\Commands\Server\rewrite.php(47): require_once('C:\\xampp2\\htdocs\\e_library\\public\\index.php')
CRITICAL - 2023-06-12 00:49:55 --> Call to a member function view() on string
in APPPATH\Controllers\Admin.php on line 19.
 1 SYSTEMPATH\CodeIgniter.php(934): App\Controllers\Admin->index()
 2 SYSTEMPATH\CodeIgniter.php(499): CodeIgniter\CodeIgniter->runController(Object(App\Controllers\Admin))
 3 SYSTEMPATH\CodeIgniter.php(368): CodeIgniter\CodeIgniter->handleRequest(null, Object(Config\Cache), false)
 4 FCPATH\index.php(67): CodeIgniter\CodeIgniter->run()
 5 SYSTEMPATH\Commands\Server\rewrite.php(47): require_once('C:\\xampp2\\htdocs\\e_library\\public\\index.php')
CRITICAL - 2023-06-12 00:50:39 --> Invalid file: "templates/topbar.php"
in SYSTEMPATH\Exceptions\FrameworkException.php on line 33.
 1 SYSTEMPATH\View\View.php(201): CodeIgniter\Exceptions\FrameworkException::forInvalidFile('templates/topbar.php')
 2 SYSTEMPATH\Common.php(1184): CodeIgniter\View\View->render('templates/topbar', [], true)
 3 APPPATH\Controllers\Admin.php(20): view('templates/topbar')
 4 SYSTEMPATH\CodeIgniter.php(934): App\Controllers\Admin->index()
 5 SYSTEMPATH\CodeIgniter.php(499): CodeIgniter\CodeIgniter->runController(Object(App\Controllers\Admin))
 6 SYSTEMPATH\CodeIgniter.php(368): CodeIgniter\CodeIgniter->handleRequest(null, Object(Config\Cache), false)
 7 FCPATH\index.php(67): CodeIgniter\CodeIgniter->run()
 8 SYSTEMPATH\Commands\Server\rewrite.php(47): require_once('C:\\xampp2\\htdocs\\e_library\\public\\index.php')
CRITICAL - 2023-06-12 00:50:57 --> Invalid file: "admin/index.php"
in SYSTEMPATH\Exceptions\FrameworkException.php on line 33.
 1 SYSTEMPATH\View\View.php(201): CodeIgniter\Exceptions\FrameworkException::forInvalidFile('admin/index.php')
 2 SYSTEMPATH\Common.php(1184): CodeIgniter\View\View->render('admin/index', [], true)
 3 APPPATH\Controllers\Admin.php(21): view('admin/index')
 4 SYSTEMPATH\CodeIgniter.php(934): App\Controllers\Admin->index()
 5 SYSTEMPATH\CodeIgniter.php(499): CodeIgniter\CodeIgniter->runController(Object(App\Controllers\Admin))
 6 SYSTEMPATH\CodeIgniter.php(368): CodeIgniter\CodeIgniter->handleRequest(null, Object(Config\Cache), false)
 7 FCPATH\index.php(67): CodeIgniter\CodeIgniter->run()
 8 SYSTEMPATH\Commands\Server\rewrite.php(47): require_once('C:\\xampp2\\htdocs\\e_library\\public\\index.php')
CRITICAL - 2023-06-12 00:51:52 --> include(templates/sidebar.php): Failed to open stream: No such file or directory
in APPPATH\Views\admin\admin.php on line 3.
 1 APPPATH\Views\admin\admin.php(3): CodeIgniter\Debug\Exceptions->errorHandler(2, 'include(templates/sidebar.php): Failed to open stream: No such file or directory', 'C:\\xampp2\\htdocs\\e_library\\app\\Views\\admin\\admin.php', 3)
 2 APPPATH\Views\admin\admin.php(3): include()
 3 SYSTEMPATH\View\View.php(213): include('C:\\xampp2\\htdocs\\e_library\\app\\Views\\admin\\admin.php')
 4 SYSTEMPATH\View\View.php(216): CodeIgniter\View\View->CodeIgniter\View\{closure}()
 5 SYSTEMPATH\Common.php(1184): CodeIgniter\View\View->render('admin/admin', [], true)
 6 APPPATH\Controllers\Admin.php(21): view('admin/admin')
 7 SYSTEMPATH\CodeIgniter.php(934): App\Controllers\Admin->index()
 8 SYSTEMPATH\CodeIgniter.php(499): CodeIgniter\CodeIgniter->runController(Object(App\Controllers\Admin))
 9 SYSTEMPATH\CodeIgniter.php(368): CodeIgniter\CodeIgniter->handleRequest(null, Object(Config\Cache), false)
10 FCPATH\index.php(67): CodeIgniter\CodeIgniter->run()
11 SYSTEMPATH\Commands\Server\rewrite.php(47): require_once('C:\\xampp2\\htdocs\\e_library\\public\\index.php')
CRITICAL - 2023-06-12 00:52:03 --> include(../templates/sidebar.php): Failed to open stream: No such file or directory
in APPPATH\Views\admin\admin.php on line 3.
 1 APPPATH\Views\admin\admin.php(3): CodeIgniter\Debug\Exceptions->errorHandler(2, 'include(../templates/sidebar.php): Failed to open stream: No such file or directory', 'C:\\xampp2\\htdocs\\e_library\\app\\Views\\admin\\admin.php', 3)
 2 APPPATH\Views\admin\admin.php(3): include()
 3 SYSTEMPATH\View\View.php(213): include('C:\\xampp2\\htdocs\\e_library\\app\\Views\\admin\\admin.php')
 4 SYSTEMPATH\View\View.php(216): CodeIgniter\View\View->CodeIgniter\View\{closure}()
 5 SYSTEMPATH\Common.php(1184): CodeIgniter\View\View->render('admin/admin', [], true)
 6 APPPATH\Controllers\Admin.php(21): view('admin/admin')
 7 SYSTEMPATH\CodeIgniter.php(934): App\Controllers\Admin->index()
 8 SYSTEMPATH\CodeIgniter.php(499): CodeIgniter\CodeIgniter->runController(Object(App\Controllers\Admin))
 9 SYSTEMPATH\CodeIgniter.php(368): CodeIgniter\CodeIgniter->handleRequest(null, Object(Config\Cache), false)
10 FCPATH\index.php(67): CodeIgniter\CodeIgniter->run()
11 SYSTEMPATH\Commands\Server\rewrite.php(47): require_once('C:\\xampp2\\htdocs\\e_library\\public\\index.php')
CRITICAL - 2023-06-12 01:39:24 --> Undefined variable $daftarBuku
in APPPATH\Views\admin\admin.php on line 9.
 1 APPPATH\Views\admin\admin.php(9): CodeIgniter\Debug\Exceptions->errorHandler(2, 'Undefined variable $daftarBuku', 'C:\\xampp2\\htdocs\\e_library\\app\\Views\\admin\\admin.php', 9)
 2 SYSTEMPATH\View\View.php(213): include('C:\\xampp2\\htdocs\\e_library\\app\\Views\\admin\\admin.php')
 3 SYSTEMPATH\View\View.php(216): CodeIgniter\View\View->CodeIgniter\View\{closure}()
 4 SYSTEMPATH\Common.php(1184): CodeIgniter\View\View->render('admin/admin', [], true)
 5 APPPATH\Controllers\Admin.php(21): view('admin/admin')
 6 SYSTEMPATH\CodeIgniter.php(934): App\Controllers\Admin->index()
 7 SYSTEMPATH\CodeIgniter.php(499): CodeIgniter\CodeIgniter->runController(Object(App\Controllers\Admin))
 8 SYSTEMPATH\CodeIgniter.php(368): CodeIgniter\CodeIgniter->handleRequest(null, Object(Config\Cache), false)
 9 FCPATH\index.php(67): CodeIgniter\CodeIgniter->run()
10 SYSTEMPATH\Commands\Server\rewrite.php(47): require_once('C:\\xampp2\\htdocs\\e_library\\public\\index.php')
CRITICAL - 2023-06-12 01:50:07 --> Invalid file: "admin/index.php"
in SYSTEMPATH\Exceptions\FrameworkException.php on line 33.
 1 SYSTEMPATH\View\View.php(201): CodeIgniter\Exceptions\FrameworkException::forInvalidFile('admin/index.php')
 2 SYSTEMPATH\Common.php(1184): CodeIgniter\View\View->render('admin/index', [], true)
 3 APPPATH\Controllers\Admin.php(33): view('admin/index')
 4 SYSTEMPATH\CodeIgniter.php(934): App\Controllers\Admin->index()
 5 SYSTEMPATH\CodeIgniter.php(499): CodeIgniter\CodeIgniter->runController(Object(App\Controllers\Admin))
 6 SYSTEMPATH\CodeIgniter.php(368): CodeIgniter\CodeIgniter->handleRequest(null, Object(Config\Cache), false)
 7 FCPATH\index.php(67): CodeIgniter\CodeIgniter->run()
 8 SYSTEMPATH\Commands\Server\rewrite.php(47): require_once('C:\\xampp2\\htdocs\\e_library\\public\\index.php')
CRITICAL - 2023-06-12 01:50:18 --> Call to a member function setVar() on string
in APPPATH\Controllers\Admin.php on line 36.
 1 SYSTEMPATH\CodeIgniter.php(934): App\Controllers\Admin->index()
 2 SYSTEMPATH\CodeIgniter.php(499): CodeIgniter\CodeIgniter->runController(Object(App\Controllers\Admin))
 3 SYSTEMPATH\CodeIgniter.php(368): CodeIgniter\CodeIgniter->handleRequest(null, Object(Config\Cache), false)
 4 FCPATH\index.php(67): CodeIgniter\CodeIgniter->run()
 5 SYSTEMPATH\Commands\Server\rewrite.php(47): require_once('C:\\xampp2\\htdocs\\e_library\\public\\index.php')
CRITICAL - 2023-06-12 01:51:07 --> Invalid file: "admin/index.php"
in SYSTEMPATH\Exceptions\FrameworkException.php on line 33.
 1 SYSTEMPATH\View\View.php(201): CodeIgniter\Exceptions\FrameworkException::forInvalidFile('admin/index.php')
 2 SYSTEMPATH\Common.php(1184): CodeIgniter\View\View->render('admin/index', [], true)
 3 APPPATH\Controllers\Admin.php(34): view('admin/index')
 4 SYSTEMPATH\CodeIgniter.php(934): App\Controllers\Admin->index()
 5 SYSTEMPATH\CodeIgniter.php(499): CodeIgniter\CodeIgniter->runController(Object(App\Controllers\Admin))
 6 SYSTEMPATH\CodeIgniter.php(368): CodeIgniter\CodeIgniter->handleRequest(null, Object(Config\Cache), false)
 7 FCPATH\index.php(67): CodeIgniter\CodeIgniter->run()
 8 SYSTEMPATH\Commands\Server\rewrite.php(47): require_once('C:\\xampp2\\htdocs\\e_library\\public\\index.php')
CRITICAL - 2023-06-12 01:51:14 --> Invalid file: "templates/topbar.php"
in SYSTEMPATH\Exceptions\FrameworkException.php on line 33.
 1 SYSTEMPATH\View\View.php(201): CodeIgniter\Exceptions\FrameworkException::forInvalidFile('templates/topbar.php')
 2 SYSTEMPATH\Common.php(1184): CodeIgniter\View\View->render('templates/topbar', [], true)
 3 APPPATH\Controllers\Admin.php(39): view('templates/topbar')
 4 SYSTEMPATH\CodeIgniter.php(934): App\Controllers\Admin->index()
 5 SYSTEMPATH\CodeIgniter.php(499): CodeIgniter\CodeIgniter->runController(Object(App\Controllers\Admin))
 6 SYSTEMPATH\CodeIgniter.php(368): CodeIgniter\CodeIgniter->handleRequest(null, Object(Config\Cache), false)
 7 FCPATH\index.php(67): CodeIgniter\CodeIgniter->run()
 8 SYSTEMPATH\Commands\Server\rewrite.php(47): require_once('C:\\xampp2\\htdocs\\e_library\\public\\index.php')
CRITICAL - 2023-06-12 01:51:27 --> Call to a member function setData() on string
in APPPATH\Controllers\Admin.php on line 43.
 1 SYSTEMPATH\CodeIgniter.php(934): App\Controllers\Admin->index()
 2 SYSTEMPATH\CodeIgniter.php(499): CodeIgniter\CodeIgniter->runController(Object(App\Controllers\Admin))
 3 SYSTEMPATH\CodeIgniter.php(368): CodeIgniter\CodeIgniter->handleRequest(null, Object(Config\Cache), false)
 4 FCPATH\index.php(67): CodeIgniter\CodeIgniter->run()
 5 SYSTEMPATH\Commands\Server\rewrite.php(47): require_once('C:\\xampp2\\htdocs\\e_library\\public\\index.php')
CRITICAL - 2023-06-12 02:15:47 --> Undefined property: CodeIgniter\View\View::$ModelUser
in APPPATH\Views\admin\admin.php on line 12.
 1 APPPATH\Views\admin\admin.php(12): CodeIgniter\Debug\Exceptions->errorHandler(2, 'Undefined property: CodeIgniter\\View\\View::$ModelUser', 'C:\\xampp2\\htdocs\\e_library\\app\\Views\\admin\\admin.php', 12)
 2 SYSTEMPATH\View\View.php(213): include('C:\\xampp2\\htdocs\\e_library\\app\\Views\\admin\\admin.php')
 3 SYSTEMPATH\View\View.php(216): CodeIgniter\View\View->CodeIgniter\View\{closure}()
 4 SYSTEMPATH\Common.php(1184): CodeIgniter\View\View->render('admin/admin', [], true)
 5 APPPATH\Controllers\Admin.php(11): view('admin/admin')
 6 SYSTEMPATH\CodeIgniter.php(934): App\Controllers\Admin->index()
 7 SYSTEMPATH\CodeIgniter.php(499): CodeIgniter\CodeIgniter->runController(Object(App\Controllers\Admin))
 8 SYSTEMPATH\CodeIgniter.php(368): CodeIgniter\CodeIgniter->handleRequest(null, Object(Config\Cache), false)
 9 FCPATH\index.php(67): CodeIgniter\CodeIgniter->run()
10 SYSTEMPATH\Commands\Server\rewrite.php(47): require_once('C:\\xampp2\\htdocs\\e_library\\public\\index.php')
CRITICAL - 2023-06-12 02:18:05 --> Undefined variable $judul
in APPPATH\Views\templates\header.php on line 10.
 1 APPPATH\Views\templates\header.php(10): CodeIgniter\Debug\Exceptions->errorHandler(2, 'Undefined variable $judul', 'C:\\xampp2\\htdocs\\e_library\\app\\Views\\templates\\header.php', 10)
 2 SYSTEMPATH\View\View.php(213): include('C:\\xampp2\\htdocs\\e_library\\app\\Views\\templates\\header.php')
 3 SYSTEMPATH\View\View.php(216): CodeIgniter\View\View->CodeIgniter\View\{closure}()
 4 SYSTEMPATH\Common.php(1184): CodeIgniter\View\View->render('templates/header', [], true)
 5 APPPATH\Controllers\Admin.php(19): view('templates/header')
 6 SYSTEMPATH\CodeIgniter.php(934): App\Controllers\Admin->index()
 7 SYSTEMPATH\CodeIgniter.php(499): CodeIgniter\CodeIgniter->runController(Object(App\Controllers\Admin))
 8 SYSTEMPATH\CodeIgniter.php(368): CodeIgniter\CodeIgniter->handleRequest(null, Object(Config\Cache), false)
 9 FCPATH\index.php(67): CodeIgniter\CodeIgniter->run()
10 SYSTEMPATH\Commands\Server\rewrite.php(47): require_once('C:\\xampp2\\htdocs\\e_library\\public\\index.php')
CRITICAL - 2023-06-12 02:18:48 --> Undefined variable $judul
in APPPATH\Views\templates\top-bar.php on line 12.
 1 APPPATH\Views\templates\top-bar.php(12): CodeIgniter\Debug\Exceptions->errorHandler(2, 'Undefined variable $judul', 'C:\\xampp2\\htdocs\\e_library\\app\\Views\\templates\\top-bar.php', 12)
 2 SYSTEMPATH\View\View.php(213): include('C:\\xampp2\\htdocs\\e_library\\app\\Views\\templates\\top-bar.php')
 3 SYSTEMPATH\View\View.php(216): CodeIgniter\View\View->CodeIgniter\View\{closure}()
 4 SYSTEMPATH\Common.php(1184): CodeIgniter\View\View->render('templates/top-bar', [], true)
 5 APPPATH\Controllers\Admin.php(21): view('templates/top-bar')
 6 SYSTEMPATH\CodeIgniter.php(934): App\Controllers\Admin->index()
 7 SYSTEMPATH\CodeIgniter.php(499): CodeIgniter\CodeIgniter->runController(Object(App\Controllers\Admin))
 8 SYSTEMPATH\CodeIgniter.php(368): CodeIgniter\CodeIgniter->handleRequest(null, Object(Config\Cache), false)
 9 FCPATH\index.php(67): CodeIgniter\CodeIgniter->run()
10 SYSTEMPATH\Commands\Server\rewrite.php(47): require_once('C:\\xampp2\\htdocs\\e_library\\public\\index.php')
